[TRACE] 18:24:55:618 MAPA/(7241:7241): Se obtuvo la ruta a metadata /home/utnso/so-charmander-pruebas/01-base/Mapas/Home/metadata
[TRACE] 18:24:55:639 MAPA/(7241:7241): se cargo la metadata
[TRACE] 18:24:55:639 MAPA/(7241:7241): Se iniciaron las colas y listas
[TRACE] 18:24:55:639 MAPA/(7241:7241): se creo hilo deadlock
[TRACE] 18:24:55:665 MAPA/(7241:7241): se creo hilo de dibujo
[TRACE] 18:24:55:665 MAPA/(7241:7241): Se creo servidor, escuchando en : 4
[TRACE] 18:24:58:849 MAPA/(7241:7241): Se conecto alguien. Socket asignado: 6
[TRACE] 18:24:58:853 MAPA/(7241:7242): atendiendo cola Listos
[TRACE] 18:24:58:853 MAPA/(7241:7242): quantum del entrenador: 0
[TRACE] 18:24:59:353 MAPA/(7241:7242): atendiendo solicitud
[TRACE] 18:24:59:353 MAPA/(7241:7242): quantum del entrenador: 1
[TRACE] 18:24:59:854 MAPA/(7241:7242): atendiendo solicitud
[TRACE] 18:24:59:854 MAPA/(7241:7242): quantum del entrenador: 2
[TRACE] 18:25:00:355 MAPA/(7241:7242): atendiendo solicitud
[TRACE] 18:25:00:355 MAPA/(7241:7242): atendiendo cola Listos
[TRACE] 18:25:00:355 MAPA/(7241:7242): quantum del entrenador: 0
[TRACE] 18:25:00:855 MAPA/(7241:7242): atendiendo solicitud
[TRACE] 18:25:00:855 MAPA/(7241:7242): quantum del entrenador: 1
[TRACE] 18:25:01:356 MAPA/(7241:7242): atendiendo solicitud
[TRACE] 18:25:01:356 MAPA/(7241:7242): quantum del entrenador: 2
[TRACE] 18:25:01:856 MAPA/(7241:7242): atendiendo solicitud
[TRACE] 18:25:01:856 MAPA/(7241:7242): atendiendo cola Listos
[TRACE] 18:25:01:856 MAPA/(7241:7242): quantum del entrenador: 0
[TRACE] 18:25:02:357 MAPA/(7241:7242): atendiendo solicitud
[TRACE] 18:25:02:357 MAPA/(7241:7242): quantum del entrenador: 1
[TRACE] 18:25:02:857 MAPA/(7241:7242): atendiendo solicitud
[TRACE] 18:25:02:857 MAPA/(7241:7242): quantum del entrenador: 2
[TRACE] 18:25:03:358 MAPA/(7241:7242): atendiendo solicitud
[TRACE] 18:25:03:358 MAPA/(7241:7242): atendiendo cola Listos
[TRACE] 18:25:03:358 MAPA/(7241:7242): quantum del entrenador: 0
[TRACE] 18:25:03:858 MAPA/(7241:7242): atendiendo solicitud
[TRACE] 18:25:03:858 MAPA/(7241:7242): quantum del entrenador: 1
[TRACE] 18:25:04:359 MAPA/(7241:7242): atendiendo solicitud
[TRACE] 18:25:04:359 MAPA/(7241:7242): quantum del entrenador: 2
[TRACE] 18:25:04:859 MAPA/(7241:7242): atendiendo solicitud
[TRACE] 18:25:04:859 MAPA/(7241:7242): atendiendo cola Listos
[TRACE] 18:25:04:859 MAPA/(7241:7242): quantum del entrenador: 0
[TRACE] 18:25:05:360 MAPA/(7241:7242): atendiendo solicitud
[TRACE] 18:25:05:361 MAPA/(7241:7242): quantum del entrenador: 1
[TRACE] 18:38:00:438 MAPA/(7449:7449): Se obtuvo la ruta a metadata /home/utnso/so-charmander-pruebas/01-base/Mapas/Home/metadata
[TRACE] 18:38:00:439 MAPA/(7449:7449): se cargo la metadata
[TRACE] 18:38:00:439 MAPA/(7449:7449): Se iniciaron las colas y listas
[TRACE] 18:38:00:439 MAPA/(7449:7449): se creo hilo deadlock
[TRACE] 18:38:00:439 MAPA/(7449:7449): se creo hilo de dibujo
[TRACE] 18:38:00:439 MAPA/(7449:7449): Se creo servidor, escuchando en : 4
[TRACE] 18:38:03:278 MAPA/(7449:7449): Se conecto alguien. Socket asignado: 5
[TRACE] 18:38:03:284 MAPA/(7449:7450): atendiendo cola Listos
[TRACE] 18:38:03:284 MAPA/(7449:7450): quantum del entrenador: 0
[TRACE] 18:38:03:784 MAPA/(7449:7450): atendiendo solicitud
[TRACE] 18:38:03:784 MAPA/(7449:7450): quantum del entrenador: 1
[TRACE] 18:38:04:284 MAPA/(7449:7450): atendiendo solicitud
[TRACE] 18:38:04:284 MAPA/(7449:7450): quantum del entrenador: 2
[TRACE] 18:38:04:785 MAPA/(7449:7450): atendiendo solicitud
[TRACE] 18:38:04:785 MAPA/(7449:7450): atendiendo cola Listos
[TRACE] 18:38:04:785 MAPA/(7449:7450): quantum del entrenador: 0
[TRACE] 18:38:05:285 MAPA/(7449:7450): atendiendo solicitud
[TRACE] 18:38:05:285 MAPA/(7449:7450): quantum del entrenador: 1
[TRACE] 18:38:05:786 MAPA/(7449:7450): atendiendo solicitud
[TRACE] 18:38:05:786 MAPA/(7449:7450): quantum del entrenador: 2
[TRACE] 18:38:06:286 MAPA/(7449:7450): atendiendo solicitud
[TRACE] 18:38:06:286 MAPA/(7449:7450): atendiendo cola Listos
[TRACE] 18:38:06:286 MAPA/(7449:7450): quantum del entrenador: 0
[TRACE] 18:38:06:787 MAPA/(7449:7450): atendiendo solicitud
[TRACE] 18:38:06:788 MAPA/(7449:7450): quantum del entrenador: 1
[TRACE] 18:38:07:288 MAPA/(7449:7450): atendiendo solicitud
[TRACE] 18:38:07:288 MAPA/(7449:7450): quantum del entrenador: 2
[TRACE] 18:38:07:788 MAPA/(7449:7450): atendiendo solicitud
[TRACE] 18:38:07:788 MAPA/(7449:7450): atendiendo cola Listos
[TRACE] 18:38:07:788 MAPA/(7449:7450): quantum del entrenador: 0
[TRACE] 18:38:08:288 MAPA/(7449:7450): atendiendo solicitud
[TRACE] 18:38:08:289 MAPA/(7449:7450): quantum del entrenador: 1
[TRACE] 18:38:08:789 MAPA/(7449:7450): atendiendo solicitud
[TRACE] 18:38:08:789 MAPA/(7449:7450): quantum del entrenador: 2
[TRACE] 18:38:09:289 MAPA/(7449:7450): atendiendo solicitud
[TRACE] 18:38:09:290 MAPA/(7449:7450): atendiendo cola Listos
[TRACE] 18:38:09:290 MAPA/(7449:7450): quantum del entrenador: 0
[TRACE] 18:38:09:790 MAPA/(7449:7450): atendiendo solicitud
[TRACE] 18:38:09:790 MAPA/(7449:7450): quantum del entrenador: 1
[TRACE] 18:38:10:291 MAPA/(7449:7450): atendiendo solicitud
[TRACE] 18:38:10:291 MAPA/(7449:7450): atendiendo cola Listos
[TRACE] 18:38:10:291 MAPA/(7449:7450): quantum del entrenador: 0
[TRACE] 18:38:10:791 MAPA/(7449:7450): atendiendo solicitud
[TRACE] 18:38:10:791 MAPA/(7449:7450): quantum del entrenador: 1
[TRACE] 18:38:11:292 MAPA/(7449:7450): atendiendo solicitud
[TRACE] 18:38:11:292 MAPA/(7449:7450): quantum del entrenador: 2
[TRACE] 18:38:11:795 MAPA/(7449:7450): atendiendo solicitud
[TRACE] 18:38:11:799 MAPA/(7449:7450): atendiendo cola Listos
[TRACE] 18:38:11:799 MAPA/(7449:7450): quantum del entrenador: 0
[TRACE] 18:38:12:299 MAPA/(7449:7450): atendiendo solicitud
[TRACE] 18:38:12:299 MAPA/(7449:7450): quantum del entrenador: 1
[TRACE] 18:38:12:799 MAPA/(7449:7450): atendiendo solicitud
[TRACE] 18:38:12:799 MAPA/(7449:7450): quantum del entrenador: 2
[TRACE] 18:38:13:299 MAPA/(7449:7450): atendiendo solicitud
[TRACE] 18:38:13:300 MAPA/(7449:7450): atendiendo cola Listos
[TRACE] 18:38:13:300 MAPA/(7449:7450): quantum del entrenador: 0
[TRACE] 18:38:13:800 MAPA/(7449:7450): atendiendo solicitud
[TRACE] 18:38:13:800 MAPA/(7449:7450): quantum del entrenador: 1
[TRACE] 18:38:14:301 MAPA/(7449:7450): atendiendo solicitud
[TRACE] 18:38:14:301 MAPA/(7449:7450): quantum del entrenador: 2
[TRACE] 18:38:14:801 MAPA/(7449:7450): atendiendo solicitud
[TRACE] 18:38:14:801 MAPA/(7449:7450): atendiendo cola Listos
[TRACE] 18:38:14:801 MAPA/(7449:7450): quantum del entrenador: 0
[TRACE] 18:38:15:302 MAPA/(7449:7450): atendiendo solicitud
[TRACE] 18:38:15:302 MAPA/(7449:7450): quantum del entrenador: 1
[TRACE] 18:38:15:802 MAPA/(7449:7450): atendiendo solicitud
[TRACE] 18:38:15:802 MAPA/(7449:7450): quantum del entrenador: 2
[TRACE] 18:38:16:303 MAPA/(7449:7450): atendiendo solicitud
[TRACE] 18:38:16:303 MAPA/(7449:7450): atendiendo cola Listos
[TRACE] 18:38:16:303 MAPA/(7449:7450): quantum del entrenador: 0
[TRACE] 18:38:16:803 MAPA/(7449:7450): atendiendo solicitud
[TRACE] 18:38:16:804 MAPA/(7449:7450): quantum del entrenador: 1
[TRACE] 18:38:17:304 MAPA/(7449:7450): atendiendo solicitud
[TRACE] 18:38:17:304 MAPA/(7449:7450): quantum del entrenador: 2
[TRACE] 18:38:17:805 MAPA/(7449:7450): atendiendo solicitud
[TRACE] 18:38:17:805 MAPA/(7449:7450): atendiendo cola Listos
[TRACE] 18:38:17:805 MAPA/(7449:7450): quantum del entrenador: 0
[TRACE] 18:38:18:305 MAPA/(7449:7450): atendiendo solicitud
[TRACE] 18:38:18:305 MAPA/(7449:7450): quantum del entrenador: 1
[TRACE] 18:38:18:806 MAPA/(7449:7450): atendiendo solicitud
[TRACE] 18:38:18:806 MAPA/(7449:7450): quantum del entrenador: 2
[TRACE] 18:38:19:306 MAPA/(7449:7450): atendiendo solicitud
[TRACE] 18:38:19:306 MAPA/(7449:7450): atendiendo cola Listos
[TRACE] 18:38:19:306 MAPA/(7449:7450): quantum del entrenador: 0
[TRACE] 18:38:19:807 MAPA/(7449:7450): atendiendo solicitud
[TRACE] 18:38:19:807 MAPA/(7449:7450): quantum del entrenador: 1
[TRACE] 18:38:20:307 MAPA/(7449:7450): atendiendo solicitud
[TRACE] 18:38:20:307 MAPA/(7449:7450): quantum del entrenador: 2
[TRACE] 18:38:20:807 MAPA/(7449:7450): atendiendo solicitud
[TRACE] 18:38:20:807 MAPA/(7449:7450): atendiendo cola Listos
[TRACE] 18:38:20:807 MAPA/(7449:7450): quantum del entrenador: 0
[TRACE] 18:38:21:308 MAPA/(7449:7450): atendiendo solicitud
[TRACE] 18:38:21:308 MAPA/(7449:7450): quantum del entrenador: 1
[TRACE] 18:38:21:808 MAPA/(7449:7450): atendiendo solicitud
[TRACE] 18:38:21:809 MAPA/(7449:7450): quantum del entrenador: 2
[TRACE] 18:38:22:309 MAPA/(7449:7450): atendiendo solicitud
[TRACE] 18:38:22:309 MAPA/(7449:7450): atendiendo cola Listos
[TRACE] 18:38:22:309 MAPA/(7449:7450): quantum del entrenador: 0
[TRACE] 18:38:22:810 MAPA/(7449:7450): atendiendo solicitud
[TRACE] 18:38:22:810 MAPA/(7449:7450): quantum del entrenador: 1
[TRACE] 18:38:23:310 MAPA/(7449:7450): atendiendo solicitud
[TRACE] 18:38:23:310 MAPA/(7449:7450): quantum del entrenador: 2
[TRACE] 18:38:23:810 MAPA/(7449:7450): atendiendo solicitud
[TRACE] 18:38:23:810 MAPA/(7449:7450): atendiendo cola Listos
[TRACE] 18:38:23:810 MAPA/(7449:7450): quantum del entrenador: 0
[TRACE] 18:38:24:311 MAPA/(7449:7450): atendiendo solicitud
[TRACE] 18:38:24:311 MAPA/(7449:7450): quantum del entrenador: 1
[TRACE] 18:38:24:812 MAPA/(7449:7450): atendiendo solicitud
[TRACE] 18:38:24:812 MAPA/(7449:7450): quantum del entrenador: 2
[TRACE] 18:38:25:312 MAPA/(7449:7450): atendiendo solicitud
[TRACE] 18:38:25:312 MAPA/(7449:7450): atendiendo cola Listos
[TRACE] 18:38:25:312 MAPA/(7449:7450): quantum del entrenador: 0
[TRACE] 18:38:25:813 MAPA/(7449:7450): atendiendo solicitud
[TRACE] 18:38:25:813 MAPA/(7449:7450): quantum del entrenador: 1
[TRACE] 18:38:26:313 MAPA/(7449:7450): atendiendo solicitud
[TRACE] 18:38:26:313 MAPA/(7449:7450): quantum del entrenador: 2
[TRACE] 18:38:26:813 MAPA/(7449:7450): atendiendo solicitud
[TRACE] 18:38:26:814 MAPA/(7449:7450): atendiendo cola Listos
[TRACE] 18:38:26:814 MAPA/(7449:7450): quantum del entrenador: 0
[TRACE] 18:38:27:314 MAPA/(7449:7450): atendiendo solicitud
[TRACE] 18:38:27:314 MAPA/(7449:7450): quantum del entrenador: 1
[TRACE] 18:38:27:814 MAPA/(7449:7450): atendiendo solicitud
[TRACE] 18:38:27:815 MAPA/(7449:7450): quantum del entrenador: 2
[TRACE] 18:38:28:315 MAPA/(7449:7450): atendiendo solicitud
[TRACE] 18:38:28:315 MAPA/(7449:7450): atendiendo cola Listos
[TRACE] 18:38:28:315 MAPA/(7449:7450): quantum del entrenador: 0
[TRACE] 18:38:28:815 MAPA/(7449:7450): atendiendo solicitud
[TRACE] 18:38:28:816 MAPA/(7449:7450): quantum del entrenador: 1
[TRACE] 18:38:29:316 MAPA/(7449:7450): atendiendo solicitud
[TRACE] 18:38:29:316 MAPA/(7449:7450): quantum del entrenador: 2
[TRACE] 18:38:29:817 MAPA/(7449:7450): atendiendo solicitud
[TRACE] 18:38:29:817 MAPA/(7449:7450): atendiendo cola Listos
[TRACE] 18:38:29:817 MAPA/(7449:7450): quantum del entrenador: 0
[TRACE] 18:38:30:317 MAPA/(7449:7450): atendiendo solicitud
[TRACE] 18:38:30:318 MAPA/(7449:7450): quantum del entrenador: 1
[TRACE] 18:38:30:818 MAPA/(7449:7450): atendiendo solicitud
[TRACE] 18:38:30:818 MAPA/(7449:7450): quantum del entrenador: 2
[TRACE] 18:38:31:319 MAPA/(7449:7450): atendiendo solicitud
[TRACE] 18:38:31:319 MAPA/(7449:7450): atendiendo cola Listos
[TRACE] 18:38:31:319 MAPA/(7449:7450): quantum del entrenador: 0
[TRACE] 18:38:31:819 MAPA/(7449:7450): atendiendo solicitud
[TRACE] 18:38:31:820 MAPA/(7449:7450): atendiendo cola Listos
[TRACE] 18:38:31:820 MAPA/(7449:7450): quantum del entrenador: 0
[TRACE] 18:38:32:321 MAPA/(7449:7450): atendiendo solicitud
[TRACE] 18:39:06:237 MAPA/(7491:7491): Se obtuvo la ruta a metadata /home/utnso/so-charmander-pruebas/01-base/Mapas/Home/metadata
[TRACE] 18:39:06:237 MAPA/(7491:7491): se cargo la metadata
[TRACE] 18:39:06:238 MAPA/(7491:7491): Se iniciaron las colas y listas
[TRACE] 18:39:06:238 MAPA/(7491:7491): se creo hilo deadlock
[TRACE] 18:39:06:238 MAPA/(7491:7491): se creo hilo de dibujo
[TRACE] 18:39:06:238 MAPA/(7491:7491): Se creo servidor, escuchando en : 4
[TRACE] 18:40:05:765 MAPA/(7491:7491): Se conecto alguien. Socket asignado: 5
[TRACE] 18:40:05:769 MAPA/(7491:7492): atendiendo cola Listos
[TRACE] 18:40:05:769 MAPA/(7491:7492): quantum del entrenador: 0
[TRACE] 18:40:06:270 MAPA/(7491:7492): atendiendo solicitud
[TRACE] 18:40:06:270 MAPA/(7491:7492): quantum del entrenador: 1
[TRACE] 18:40:06:770 MAPA/(7491:7492): atendiendo solicitud
[TRACE] 18:40:06:770 MAPA/(7491:7492): quantum del entrenador: 2
[TRACE] 18:40:07:271 MAPA/(7491:7492): atendiendo solicitud
[TRACE] 18:40:07:271 MAPA/(7491:7492): atendiendo cola Listos
[TRACE] 18:40:07:271 MAPA/(7491:7492): quantum del entrenador: 0
[TRACE] 18:40:07:771 MAPA/(7491:7492): atendiendo solicitud
[TRACE] 18:40:07:771 MAPA/(7491:7492): quantum del entrenador: 1
[TRACE] 18:40:08:272 MAPA/(7491:7492): atendiendo solicitud
[TRACE] 18:40:08:272 MAPA/(7491:7492): quantum del entrenador: 2
[TRACE] 18:40:08:773 MAPA/(7491:7492): atendiendo solicitud
[TRACE] 18:40:08:773 MAPA/(7491:7492): atendiendo cola Listos
[TRACE] 18:40:08:773 MAPA/(7491:7492): quantum del entrenador: 0
[TRACE] 18:40:09:273 MAPA/(7491:7492): atendiendo solicitud
[TRACE] 18:40:09:273 MAPA/(7491:7492): quantum del entrenador: 1
[TRACE] 18:40:09:774 MAPA/(7491:7492): atendiendo solicitud
[TRACE] 18:40:09:774 MAPA/(7491:7492): quantum del entrenador: 2
[TRACE] 18:40:10:274 MAPA/(7491:7492): atendiendo solicitud
[TRACE] 18:40:10:274 MAPA/(7491:7492): atendiendo cola Listos
[TRACE] 18:40:10:274 MAPA/(7491:7492): quantum del entrenador: 0
[TRACE] 18:40:10:775 MAPA/(7491:7492): atendiendo solicitud
[TRACE] 18:40:10:776 MAPA/(7491:7492): quantum del entrenador: 1
[TRACE] 18:40:11:276 MAPA/(7491:7492): atendiendo solicitud
[TRACE] 18:40:11:276 MAPA/(7491:7492): quantum del entrenador: 2
[TRACE] 18:40:11:777 MAPA/(7491:7492): atendiendo solicitud
[TRACE] 18:40:11:779 MAPA/(7491:7492): atendiendo cola Listos
[TRACE] 18:40:11:779 MAPA/(7491:7492): quantum del entrenador: 0
[TRACE] 18:40:12:279 MAPA/(7491:7492): atendiendo solicitud
[TRACE] 18:40:12:279 MAPA/(7491:7492): quantum del entrenador: 1
[TRACE] 18:40:12:780 MAPA/(7491:7492): atendiendo solicitud
[TRACE] 18:40:12:780 MAPA/(7491:7492): atendiendo cola Listos
[TRACE] 18:40:12:780 MAPA/(7491:7492): quantum del entrenador: 0
[TRACE] 18:40:13:280 MAPA/(7491:7492): atendiendo solicitud
[TRACE] 18:40:13:280 MAPA/(7491:7492): quantum del entrenador: 1
[TRACE] 18:40:13:781 MAPA/(7491:7492): atendiendo solicitud
[TRACE] 18:40:13:781 MAPA/(7491:7492): quantum del entrenador: 2
[TRACE] 18:40:14:281 MAPA/(7491:7492): atendiendo solicitud
[TRACE] 18:40:14:281 MAPA/(7491:7492): atendiendo cola Listos
[TRACE] 18:40:14:281 MAPA/(7491:7492): quantum del entrenador: 0
[TRACE] 18:40:14:782 MAPA/(7491:7492): atendiendo solicitud
[TRACE] 18:40:14:782 MAPA/(7491:7492): quantum del entrenador: 1
[TRACE] 18:40:15:282 MAPA/(7491:7492): atendiendo solicitud
[TRACE] 18:40:15:282 MAPA/(7491:7492): quantum del entrenador: 2
[TRACE] 18:40:15:783 MAPA/(7491:7492): atendiendo solicitud
[TRACE] 18:40:15:794 MAPA/(7491:7492): atendiendo cola Listos
[TRACE] 18:40:15:794 MAPA/(7491:7492): quantum del entrenador: 0
[TRACE] 18:41:06:685 MAPA/(7606:7606): Se obtuvo la ruta a metadata /home/utnso/so-charmander-pruebas/01-base/Mapas/Home/metadata
[TRACE] 18:41:06:685 MAPA/(7606:7606): se cargo la metadata
[TRACE] 18:41:06:685 MAPA/(7606:7606): Se iniciaron las colas y listas
[TRACE] 18:41:06:685 MAPA/(7606:7606): se creo hilo deadlock
[TRACE] 18:41:06:685 MAPA/(7606:7606): se creo hilo de dibujo
[TRACE] 18:41:06:685 MAPA/(7606:7606): Se creo servidor, escuchando en : 4
[TRACE] 18:41:17:380 MAPA/(7606:7606): Se conecto alguien. Socket asignado: 5
[TRACE] 18:41:17:389 MAPA/(7606:7607): atendiendo cola Listos
[TRACE] 18:41:17:389 MAPA/(7606:7607): quantum del entrenador: 0
[TRACE] 18:41:17:894 MAPA/(7606:7607): atendiendo solicitud
[TRACE] 18:41:17:894 MAPA/(7606:7607): quantum del entrenador: 1
[TRACE] 18:41:18:401 MAPA/(7606:7607): atendiendo solicitud
[TRACE] 18:41:18:401 MAPA/(7606:7607): quantum del entrenador: 2
[TRACE] 18:41:18:902 MAPA/(7606:7607): atendiendo solicitud
[TRACE] 18:41:18:902 MAPA/(7606:7607): atendiendo cola Listos
[TRACE] 18:41:18:902 MAPA/(7606:7607): quantum del entrenador: 0
[TRACE] 18:41:19:408 MAPA/(7606:7607): atendiendo solicitud
[TRACE] 18:41:19:408 MAPA/(7606:7607): quantum del entrenador: 1
[TRACE] 18:41:19:908 MAPA/(7606:7607): atendiendo solicitud
[TRACE] 18:41:19:908 MAPA/(7606:7607): quantum del entrenador: 2
[TRACE] 18:41:20:409 MAPA/(7606:7607): atendiendo solicitud
[TRACE] 18:41:20:409 MAPA/(7606:7607): atendiendo cola Listos
[TRACE] 18:41:20:409 MAPA/(7606:7607): quantum del entrenador: 0
[TRACE] 18:41:20:911 MAPA/(7606:7607): atendiendo solicitud
[TRACE] 18:41:20:912 MAPA/(7606:7607): quantum del entrenador: 1
[TRACE] 18:41:21:417 MAPA/(7606:7607): atendiendo solicitud
[TRACE] 18:41:21:417 MAPA/(7606:7607): quantum del entrenador: 2
[TRACE] 18:41:21:922 MAPA/(7606:7607): atendiendo solicitud
[TRACE] 18:41:21:922 MAPA/(7606:7607): atendiendo cola Listos
[TRACE] 18:41:21:922 MAPA/(7606:7607): quantum del entrenador: 0
[TRACE] 18:41:22:425 MAPA/(7606:7607): atendiendo solicitud
[TRACE] 18:41:22:426 MAPA/(7606:7607): quantum del entrenador: 1
[TRACE] 18:41:22:926 MAPA/(7606:7607): atendiendo solicitud
[TRACE] 18:41:22:926 MAPA/(7606:7607): quantum del entrenador: 2
[TRACE] 18:41:23:429 MAPA/(7606:7607): atendiendo solicitud
[TRACE] 18:41:23:429 MAPA/(7606:7607): atendiendo cola Listos
[TRACE] 18:41:23:429 MAPA/(7606:7607): quantum del entrenador: 0
[TRACE] 18:41:23:933 MAPA/(7606:7607): atendiendo solicitud
[TRACE] 18:41:23:934 MAPA/(7606:7607): quantum del entrenador: 1
[TRACE] 18:41:24:437 MAPA/(7606:7607): atendiendo solicitud
[TRACE] 18:41:24:437 MAPA/(7606:7607): atendiendo cola Listos
[TRACE] 18:41:24:437 MAPA/(7606:7607): quantum del entrenador: 0
[TRACE] 18:41:24:961 MAPA/(7606:7607): atendiendo solicitud
[TRACE] 18:41:24:961 MAPA/(7606:7607): quantum del entrenador: 1
[TRACE] 18:41:25:466 MAPA/(7606:7607): atendiendo solicitud
[TRACE] 18:41:25:466 MAPA/(7606:7607): quantum del entrenador: 2
[TRACE] 18:41:25:966 MAPA/(7606:7607): atendiendo solicitud
[TRACE] 18:41:25:966 MAPA/(7606:7607): atendiendo cola Listos
[TRACE] 18:41:25:966 MAPA/(7606:7607): quantum del entrenador: 0
[TRACE] 18:41:26:467 MAPA/(7606:7607): atendiendo solicitud
[TRACE] 18:41:26:468 MAPA/(7606:7607): quantum del entrenador: 1
[TRACE] 18:41:26:968 MAPA/(7606:7607): atendiendo solicitud
[TRACE] 18:41:26:968 MAPA/(7606:7607): quantum del entrenador: 2
[TRACE] 18:41:27:469 MAPA/(7606:7607): atendiendo solicitud
[TRACE] 18:41:27:473 MAPA/(7606:7607): atendiendo cola Listos
[TRACE] 18:41:27:473 MAPA/(7606:7607): quantum del entrenador: 0
[TRACE] 18:41:27:974 MAPA/(7606:7607): atendiendo solicitud
[TRACE] 18:41:27:975 MAPA/(7606:7607): quantum del entrenador: 1
[TRACE] 18:41:28:477 MAPA/(7606:7607): atendiendo solicitud
[TRACE] 18:41:28:477 MAPA/(7606:7607): quantum del entrenador: 2
[TRACE] 18:41:28:978 MAPA/(7606:7607): atendiendo solicitud
[TRACE] 18:41:28:978 MAPA/(7606:7607): atendiendo cola Listos
[TRACE] 18:41:28:978 MAPA/(7606:7607): quantum del entrenador: 0
[TRACE] 18:41:29:479 MAPA/(7606:7607): atendiendo solicitud
[TRACE] 18:41:29:479 MAPA/(7606:7607): quantum del entrenador: 1
[TRACE] 18:41:30:6 MAPA/(7606:7607): atendiendo solicitud
[TRACE] 18:41:30:6 MAPA/(7606:7607): quantum del entrenador: 2
[TRACE] 18:41:30:509 MAPA/(7606:7607): atendiendo solicitud
[TRACE] 18:41:30:510 MAPA/(7606:7607): atendiendo cola Listos
[TRACE] 18:41:30:510 MAPA/(7606:7607): quantum del entrenador: 0
[TRACE] 18:41:31:13 MAPA/(7606:7607): atendiendo solicitud
[TRACE] 18:41:31:13 MAPA/(7606:7607): quantum del entrenador: 1
[TRACE] 18:41:31:514 MAPA/(7606:7607): atendiendo solicitud
[TRACE] 18:41:31:514 MAPA/(7606:7607): quantum del entrenador: 2
[TRACE] 18:41:32:18 MAPA/(7606:7607): atendiendo solicitud
[TRACE] 18:41:32:18 MAPA/(7606:7607): atendiendo cola Listos
[TRACE] 18:41:32:18 MAPA/(7606:7607): quantum del entrenador: 0
[TRACE] 18:41:32:518 MAPA/(7606:7607): atendiendo solicitud
[TRACE] 18:41:32:519 MAPA/(7606:7607): quantum del entrenador: 1
[TRACE] 18:41:33:19 MAPA/(7606:7607): atendiendo solicitud
[TRACE] 18:41:33:25 MAPA/(7606:7607): quantum del entrenador: 2
[TRACE] 18:41:33:529 MAPA/(7606:7607): atendiendo solicitud
[TRACE] 18:41:33:529 MAPA/(7606:7607): atendiendo cola Listos
[TRACE] 18:41:33:529 MAPA/(7606:7607): quantum del entrenador: 0
[TRACE] 18:41:34:30 MAPA/(7606:7607): atendiendo solicitud
[TRACE] 18:41:34:30 MAPA/(7606:7607): quantum del entrenador: 1
[TRACE] 18:41:34:531 MAPA/(7606:7607): atendiendo solicitud
[TRACE] 18:41:34:535 MAPA/(7606:7607): quantum del entrenador: 2
[TRACE] 18:41:35:35 MAPA/(7606:7607): atendiendo solicitud
[TRACE] 18:41:35:35 MAPA/(7606:7607): atendiendo cola Listos
[TRACE] 18:41:35:35 MAPA/(7606:7607): quantum del entrenador: 0
[TRACE] 18:41:35:537 MAPA/(7606:7607): atendiendo solicitud
[TRACE] 18:41:35:537 MAPA/(7606:7607): quantum del entrenador: 1
[TRACE] 18:41:36:45 MAPA/(7606:7607): atendiendo solicitud
[TRACE] 18:41:36:46 MAPA/(7606:7607): quantum del entrenador: 2
[TRACE] 18:41:36:549 MAPA/(7606:7607): atendiendo solicitud
[TRACE] 18:41:36:549 MAPA/(7606:7607): atendiendo cola Listos
[TRACE] 18:41:36:549 MAPA/(7606:7607): quantum del entrenador: 0
[TRACE] 18:41:37:50 MAPA/(7606:7607): atendiendo solicitud
[TRACE] 18:41:37:50 MAPA/(7606:7607): quantum del entrenador: 1
[TRACE] 18:41:37:553 MAPA/(7606:7607): atendiendo solicitud
[TRACE] 18:41:37:553 MAPA/(7606:7607): quantum del entrenador: 2
[TRACE] 18:41:38:58 MAPA/(7606:7607): atendiendo solicitud
[TRACE] 18:41:38:59 MAPA/(7606:7607): atendiendo cola Listos
[TRACE] 18:41:38:59 MAPA/(7606:7607): quantum del entrenador: 0
[TRACE] 18:41:38:561 MAPA/(7606:7607): atendiendo solicitud
[TRACE] 18:41:38:561 MAPA/(7606:7607): quantum del entrenador: 1
[TRACE] 18:41:39:65 MAPA/(7606:7607): atendiendo solicitud
[TRACE] 18:41:39:65 MAPA/(7606:7607): quantum del entrenador: 2
[TRACE] 18:41:39:569 MAPA/(7606:7607): atendiendo solicitud
[TRACE] 18:41:39:569 MAPA/(7606:7607): atendiendo cola Listos
[TRACE] 18:41:39:569 MAPA/(7606:7607): quantum del entrenador: 0
[TRACE] 18:41:40:70 MAPA/(7606:7607): atendiendo solicitud
[TRACE] 18:41:40:70 MAPA/(7606:7607): quantum del entrenador: 1
[TRACE] 18:41:40:570 MAPA/(7606:7607): atendiendo solicitud
[TRACE] 18:41:40:570 MAPA/(7606:7607): quantum del entrenador: 2
[TRACE] 18:41:41:71 MAPA/(7606:7607): atendiendo solicitud
[TRACE] 18:41:41:71 MAPA/(7606:7607): atendiendo cola Listos
[TRACE] 18:41:41:71 MAPA/(7606:7607): quantum del entrenador: 0
[TRACE] 18:41:41:571 MAPA/(7606:7607): atendiendo solicitud
[TRACE] 18:41:41:578 MAPA/(7606:7607): quantum del entrenador: 1
[TRACE] 18:41:42:81 MAPA/(7606:7607): atendiendo solicitud
[TRACE] 18:41:42:82 MAPA/(7606:7607): quantum del entrenador: 2
[TRACE] 18:41:42:585 MAPA/(7606:7607): atendiendo solicitud
[TRACE] 18:41:42:585 MAPA/(7606:7607): atendiendo cola Listos
[TRACE] 18:41:42:586 MAPA/(7606:7607): quantum del entrenador: 0
[TRACE] 18:42:11:219 MAPA/(7638:7638): Se obtuvo la ruta a metadata /home/utnso/so-charmander-pruebas/01-base/Mapas/Home/metadata
[TRACE] 18:42:11:219 MAPA/(7638:7638): se cargo la metadata
[TRACE] 18:42:11:219 MAPA/(7638:7638): Se iniciaron las colas y listas
[TRACE] 18:42:11:219 MAPA/(7638:7638): se creo hilo deadlock
[TRACE] 18:42:11:219 MAPA/(7638:7638): se creo hilo de dibujo
[TRACE] 18:42:11:220 MAPA/(7638:7638): Se creo servidor, escuchando en : 4
[TRACE] 18:42:20:826 MAPA/(7638:7638): Se conecto alguien. Socket asignado: 5
[TRACE] 18:42:20:829 MAPA/(7638:7639): atendiendo cola Listos
[TRACE] 18:42:20:829 MAPA/(7638:7639): quantum del entrenador: 0
[TRACE] 18:42:21:333 MAPA/(7638:7639): atendiendo solicitud
[TRACE] 18:42:21:334 MAPA/(7638:7639): quantum del entrenador: 1
[TRACE] 18:42:21:838 MAPA/(7638:7639): atendiendo solicitud
[TRACE] 18:42:21:838 MAPA/(7638:7639): quantum del entrenador: 2
[TRACE] 18:42:22:338 MAPA/(7638:7639): atendiendo solicitud
[TRACE] 18:42:22:341 MAPA/(7638:7639): atendiendo cola Listos
[TRACE] 18:42:22:341 MAPA/(7638:7639): quantum del entrenador: 0
[TRACE] 18:42:22:847 MAPA/(7638:7639): atendiendo solicitud
[TRACE] 18:42:22:847 MAPA/(7638:7639): quantum del entrenador: 1
[TRACE] 18:42:23:347 MAPA/(7638:7639): atendiendo solicitud
[TRACE] 18:42:23:347 MAPA/(7638:7639): quantum del entrenador: 2
[TRACE] 18:42:23:848 MAPA/(7638:7639): atendiendo solicitud
[TRACE] 18:42:23:849 MAPA/(7638:7639): atendiendo cola Listos
[TRACE] 18:42:23:849 MAPA/(7638:7639): quantum del entrenador: 0
[TRACE] 18:42:24:349 MAPA/(7638:7639): atendiendo solicitud
[TRACE] 18:42:24:349 MAPA/(7638:7639): quantum del entrenador: 1
[TRACE] 18:42:24:853 MAPA/(7638:7639): atendiendo solicitud
[TRACE] 18:42:24:853 MAPA/(7638:7639): quantum del entrenador: 2
[TRACE] 18:42:25:353 MAPA/(7638:7639): atendiendo solicitud
[TRACE] 18:42:25:353 MAPA/(7638:7639): atendiendo cola Listos
[TRACE] 18:42:25:353 MAPA/(7638:7639): quantum del entrenador: 0
[TRACE] 18:42:25:854 MAPA/(7638:7639): atendiendo solicitud
[TRACE] 18:42:25:854 MAPA/(7638:7639): quantum del entrenador: 1
[TRACE] 18:42:26:357 MAPA/(7638:7639): atendiendo solicitud
[TRACE] 18:42:26:357 MAPA/(7638:7639): quantum del entrenador: 2
[TRACE] 18:42:26:861 MAPA/(7638:7639): atendiendo solicitud
[TRACE] 18:42:26:861 MAPA/(7638:7639): atendiendo cola Listos
[TRACE] 18:42:26:861 MAPA/(7638:7639): quantum del entrenador: 0
[TRACE] 18:42:27:362 MAPA/(7638:7639): atendiendo solicitud
[TRACE] 18:42:27:362 MAPA/(7638:7639): quantum del entrenador: 1
[TRACE] 18:42:27:866 MAPA/(7638:7639): atendiendo solicitud
[TRACE] 18:42:27:866 MAPA/(7638:7639): atendiendo cola Listos
[TRACE] 18:42:27:866 MAPA/(7638:7639): quantum del entrenador: 0
[TRACE] 18:42:28:366 MAPA/(7638:7639): atendiendo solicitud
[TRACE] 18:42:28:366 MAPA/(7638:7639): quantum del entrenador: 1
[TRACE] 18:42:28:869 MAPA/(7638:7639): atendiendo solicitud
[TRACE] 18:42:28:871 MAPA/(7638:7639): quantum del entrenador: 2
[TRACE] 18:42:29:373 MAPA/(7638:7639): atendiendo solicitud
[TRACE] 18:42:29:373 MAPA/(7638:7639): atendiendo cola Listos
[TRACE] 18:42:29:373 MAPA/(7638:7639): quantum del entrenador: 0
[TRACE] 18:42:29:877 MAPA/(7638:7639): atendiendo solicitud
[TRACE] 18:42:29:877 MAPA/(7638:7639): quantum del entrenador: 1
[TRACE] 18:42:30:381 MAPA/(7638:7639): atendiendo solicitud
[TRACE] 18:42:30:381 MAPA/(7638:7639): quantum del entrenador: 2
[TRACE] 18:42:30:882 MAPA/(7638:7639): atendiendo solicitud
[TRACE] 18:42:30:882 MAPA/(7638:7639): atendiendo cola Listos
[TRACE] 18:42:30:882 MAPA/(7638:7639): quantum del entrenador: 0
[TRACE] 18:42:31:382 MAPA/(7638:7639): atendiendo solicitud
[TRACE] 18:42:31:382 MAPA/(7638:7639): quantum del entrenador: 1
[TRACE] 18:42:31:883 MAPA/(7638:7639): atendiendo solicitud
[TRACE] 18:42:31:883 MAPA/(7638:7639): quantum del entrenador: 2
[TRACE] 18:42:32:384 MAPA/(7638:7639): atendiendo solicitud
[TRACE] 18:42:32:384 MAPA/(7638:7639): atendiendo cola Listos
[TRACE] 18:42:32:384 MAPA/(7638:7639): quantum del entrenador: 0
[TRACE] 18:42:32:884 MAPA/(7638:7639): atendiendo solicitud
[TRACE] 18:42:32:884 MAPA/(7638:7639): quantum del entrenador: 1
[TRACE] 18:42:33:389 MAPA/(7638:7639): atendiendo solicitud
[TRACE] 18:42:33:389 MAPA/(7638:7639): quantum del entrenador: 2
[TRACE] 18:42:33:890 MAPA/(7638:7639): atendiendo solicitud
[TRACE] 18:42:33:893 MAPA/(7638:7639): atendiendo cola Listos
[TRACE] 18:42:33:893 MAPA/(7638:7639): quantum del entrenador: 0
[TRACE] 18:42:34:397 MAPA/(7638:7639): atendiendo solicitud
[TRACE] 18:42:34:397 MAPA/(7638:7639): quantum del entrenador: 1
[TRACE] 18:42:34:902 MAPA/(7638:7639): atendiendo solicitud
[TRACE] 18:42:34:902 MAPA/(7638:7639): quantum del entrenador: 2
[TRACE] 18:42:35:403 MAPA/(7638:7639): atendiendo solicitud
[TRACE] 18:42:35:403 MAPA/(7638:7639): atendiendo cola Listos
[TRACE] 18:42:35:403 MAPA/(7638:7639): quantum del entrenador: 0
[TRACE] 18:42:35:905 MAPA/(7638:7639): atendiendo solicitud
[TRACE] 18:42:35:905 MAPA/(7638:7639): quantum del entrenador: 1
[TRACE] 18:42:36:409 MAPA/(7638:7639): atendiendo solicitud
[TRACE] 18:42:36:410 MAPA/(7638:7639): quantum del entrenador: 2
[TRACE] 18:42:36:917 MAPA/(7638:7639): atendiendo solicitud
[TRACE] 18:42:36:917 MAPA/(7638:7639): atendiendo cola Listos
[TRACE] 18:42:36:917 MAPA/(7638:7639): quantum del entrenador: 0
[TRACE] 18:42:37:421 MAPA/(7638:7639): atendiendo solicitud
[TRACE] 18:42:37:422 MAPA/(7638:7639): quantum del entrenador: 1
[TRACE] 18:42:37:930 MAPA/(7638:7639): atendiendo solicitud
[TRACE] 18:42:37:930 MAPA/(7638:7639): quantum del entrenador: 2
[TRACE] 18:42:38:445 MAPA/(7638:7639): atendiendo solicitud
[TRACE] 18:42:38:445 MAPA/(7638:7639): atendiendo cola Listos
[TRACE] 18:42:38:445 MAPA/(7638:7639): quantum del entrenador: 0
[TRACE] 18:42:38:949 MAPA/(7638:7639): atendiendo solicitud
[TRACE] 18:42:38:950 MAPA/(7638:7639): quantum del entrenador: 1
[TRACE] 18:42:39:453 MAPA/(7638:7639): atendiendo solicitud
[TRACE] 18:42:39:453 MAPA/(7638:7639): quantum del entrenador: 2
[TRACE] 18:42:39:954 MAPA/(7638:7639): atendiendo solicitud
[TRACE] 18:42:39:954 MAPA/(7638:7639): atendiendo cola Listos
[TRACE] 18:42:39:954 MAPA/(7638:7639): quantum del entrenador: 0
[TRACE] 18:42:40:455 MAPA/(7638:7639): atendiendo solicitud
[TRACE] 18:42:40:457 MAPA/(7638:7639): quantum del entrenador: 1
[TRACE] 18:42:40:962 MAPA/(7638:7639): atendiendo solicitud
[TRACE] 18:42:40:962 MAPA/(7638:7639): quantum del entrenador: 2
[TRACE] 18:42:41:462 MAPA/(7638:7639): atendiendo solicitud
[TRACE] 18:42:41:465 MAPA/(7638:7639): atendiendo cola Listos
[TRACE] 18:42:41:465 MAPA/(7638:7639): quantum del entrenador: 0
[TRACE] 18:42:41:969 MAPA/(7638:7639): atendiendo solicitud
[TRACE] 18:42:41:969 MAPA/(7638:7639): quantum del entrenador: 1
[TRACE] 18:42:42:471 MAPA/(7638:7639): atendiendo solicitud
[TRACE] 18:42:42:471 MAPA/(7638:7639): quantum del entrenador: 2
[TRACE] 18:42:42:972 MAPA/(7638:7639): atendiendo solicitud
[TRACE] 18:42:42:972 MAPA/(7638:7639): atendiendo cola Listos
[TRACE] 18:42:42:972 MAPA/(7638:7639): quantum del entrenador: 0
[TRACE] 18:42:43:472 MAPA/(7638:7639): atendiendo solicitud
[TRACE] 18:42:43:472 MAPA/(7638:7639): quantum del entrenador: 1
[TRACE] 18:42:43:973 MAPA/(7638:7639): atendiendo solicitud
[TRACE] 18:42:43:974 MAPA/(7638:7639): quantum del entrenador: 2
[TRACE] 18:42:44:474 MAPA/(7638:7639): atendiendo solicitud
[TRACE] 18:42:44:474 MAPA/(7638:7639): atendiendo cola Listos
[TRACE] 18:42:44:474 MAPA/(7638:7639): quantum del entrenador: 0
[TRACE] 18:42:44:975 MAPA/(7638:7639): atendiendo solicitud
[TRACE] 18:42:44:978 MAPA/(7638:7639): quantum del entrenador: 1
[TRACE] 18:42:45:485 MAPA/(7638:7639): atendiendo solicitud
[TRACE] 18:42:45:485 MAPA/(7638:7639): quantum del entrenador: 2
[TRACE] 18:42:45:986 MAPA/(7638:7639): atendiendo solicitud
[TRACE] 18:42:45:986 MAPA/(7638:7639): atendiendo cola Listos
[TRACE] 18:42:45:986 MAPA/(7638:7639): quantum del entrenador: 0
[TRACE] 18:42:46:486 MAPA/(7638:7639): atendiendo solicitud
[TRACE] 18:42:46:486 MAPA/(7638:7639): quantum del entrenador: 1
[TRACE] 18:42:46:989 MAPA/(7638:7639): atendiendo solicitud
[TRACE] 18:42:46:989 MAPA/(7638:7639): quantum del entrenador: 2
[TRACE] 18:42:47:490 MAPA/(7638:7639): atendiendo solicitud
[TRACE] 18:42:47:490 MAPA/(7638:7639): atendiendo cola Listos
[TRACE] 18:42:47:490 MAPA/(7638:7639): quantum del entrenador: 0
[TRACE] 18:42:47:990 MAPA/(7638:7639): atendiendo solicitud
[TRACE] 18:42:47:990 MAPA/(7638:7639): quantum del entrenador: 1
[TRACE] 18:42:48:493 MAPA/(7638:7639): atendiendo solicitud
[TRACE] 18:42:48:493 MAPA/(7638:7639): quantum del entrenador: 2
[TRACE] 18:42:48:997 MAPA/(7638:7639): atendiendo solicitud
[TRACE] 18:42:48:998 MAPA/(7638:7639): atendiendo cola Listos
[TRACE] 18:42:48:998 MAPA/(7638:7639): quantum del entrenador: 0
[TRACE] 18:42:49:498 MAPA/(7638:7639): atendiendo solicitud
[TRACE] 18:42:49:498 MAPA/(7638:7639): atendiendo cola Listos
[TRACE] 18:42:49:498 MAPA/(7638:7639): quantum del entrenador: 0
[TRACE] 18:42:49:999 MAPA/(7638:7639): atendiendo solicitud
[TRACE] 19:35:01:977 MAPA/(8079:8079): Se obtuvo la ruta a metadata /home/utnso/so-charmander-pruebas/Mapas/Home/metadata
[TRACE] 19:35:11:721 MAPA/(8083:8083): Se obtuvo la ruta a metadata /home/utnso/so-charmander-pruebas/01-base/Mapas/Home/metadata
[TRACE] 19:35:11:721 MAPA/(8083:8083): se cargo la metadata
[TRACE] 19:35:11:721 MAPA/(8083:8083): Se iniciaron las colas y listas
[TRACE] 19:35:11:721 MAPA/(8083:8083): se creo hilo deadlock
[TRACE] 19:35:11:721 MAPA/(8083:8083): se creo hilo de dibujo
[TRACE] 19:35:11:722 MAPA/(8083:8083): Se creo servidor, escuchando en : 4
[TRACE] 19:35:40:849 MAPA/(8083:8083): Se conecto alguien. Socket asignado: 5
[TRACE] 19:35:40:853 MAPA/(8083:8084): atendiendo cola Listos
[TRACE] 19:35:40:853 MAPA/(8083:8084): quantum del entrenador: 0
[TRACE] 19:35:41:354 MAPA/(8083:8084): atendiendo solicitud
[TRACE] 19:35:41:354 MAPA/(8083:8084): quantum del entrenador: 1
[TRACE] 19:35:41:854 MAPA/(8083:8084): atendiendo solicitud
[TRACE] 19:35:41:854 MAPA/(8083:8084): quantum del entrenador: 2
[TRACE] 19:35:42:355 MAPA/(8083:8084): atendiendo solicitud
[TRACE] 19:35:42:355 MAPA/(8083:8084): atendiendo cola Listos
[TRACE] 19:35:42:355 MAPA/(8083:8084): quantum del entrenador: 0
[TRACE] 19:35:42:856 MAPA/(8083:8084): atendiendo solicitud
[TRACE] 19:35:42:856 MAPA/(8083:8084): quantum del entrenador: 1
[TRACE] 19:35:43:356 MAPA/(8083:8084): atendiendo solicitud
[TRACE] 19:35:43:356 MAPA/(8083:8084): quantum del entrenador: 2
[TRACE] 19:35:43:857 MAPA/(8083:8084): atendiendo solicitud
[TRACE] 19:35:43:857 MAPA/(8083:8084): atendiendo cola Listos
[TRACE] 19:35:43:857 MAPA/(8083:8084): quantum del entrenador: 0
[TRACE] 19:35:44:357 MAPA/(8083:8084): atendiendo solicitud
[TRACE] 19:35:44:357 MAPA/(8083:8084): quantum del entrenador: 1
[TRACE] 19:35:44:858 MAPA/(8083:8084): atendiendo solicitud
[TRACE] 19:35:44:858 MAPA/(8083:8084): quantum del entrenador: 2
[TRACE] 19:35:45:359 MAPA/(8083:8084): atendiendo solicitud
[TRACE] 19:35:45:359 MAPA/(8083:8084): atendiendo cola Listos
[TRACE] 19:35:45:359 MAPA/(8083:8084): quantum del entrenador: 0
[TRACE] 19:35:45:859 MAPA/(8083:8084): atendiendo solicitud
[TRACE] 19:35:45:859 MAPA/(8083:8084): quantum del entrenador: 1
[TRACE] 19:35:46:360 MAPA/(8083:8084): atendiendo solicitud
[TRACE] 19:35:46:360 MAPA/(8083:8084): quantum del entrenador: 2
[TRACE] 19:35:46:860 MAPA/(8083:8084): atendiendo solicitud
[TRACE] 19:35:46:860 MAPA/(8083:8084): atendiendo cola Listos
[TRACE] 19:35:46:860 MAPA/(8083:8084): quantum del entrenador: 0
[TRACE] 19:35:47:361 MAPA/(8083:8084): atendiendo solicitud
[TRACE] 19:35:47:361 MAPA/(8083:8084): quantum del entrenador: 1
[TRACE] 19:35:47:861 MAPA/(8083:8084): atendiendo solicitud
[TRACE] 19:35:47:861 MAPA/(8083:8084): atendiendo cola Listos
[TRACE] 19:35:47:861 MAPA/(8083:8084): quantum del entrenador: 0
[TRACE] 19:35:48:362 MAPA/(8083:8084): atendiendo solicitud
[TRACE] 19:35:48:362 MAPA/(8083:8084): quantum del entrenador: 1
[TRACE] 19:35:48:862 MAPA/(8083:8084): atendiendo solicitud
[TRACE] 19:35:48:863 MAPA/(8083:8084): quantum del entrenador: 2
[TRACE] 19:35:49:363 MAPA/(8083:8084): atendiendo solicitud
[TRACE] 19:35:49:363 MAPA/(8083:8084): atendiendo cola Listos
[TRACE] 19:35:49:363 MAPA/(8083:8084): quantum del entrenador: 0
[TRACE] 19:35:49:864 MAPA/(8083:8084): atendiendo solicitud
[TRACE] 19:35:49:864 MAPA/(8083:8084): quantum del entrenador: 1
[TRACE] 19:35:50:364 MAPA/(8083:8084): atendiendo solicitud
[TRACE] 19:35:50:364 MAPA/(8083:8084): quantum del entrenador: 2
[TRACE] 19:35:50:864 MAPA/(8083:8084): atendiendo solicitud
[TRACE] 19:35:50:865 MAPA/(8083:8084): atendiendo cola Listos
[TRACE] 19:35:50:865 MAPA/(8083:8084): quantum del entrenador: 0
[TRACE] 19:35:51:365 MAPA/(8083:8084): atendiendo solicitud
[TRACE] 19:35:51:365 MAPA/(8083:8084): quantum del entrenador: 1
[TRACE] 19:35:51:866 MAPA/(8083:8084): atendiendo solicitud
[TRACE] 19:35:51:866 MAPA/(8083:8084): quantum del entrenador: 2
[TRACE] 19:35:52:366 MAPA/(8083:8084): atendiendo solicitud
[TRACE] 19:35:52:366 MAPA/(8083:8084): atendiendo cola Listos
[TRACE] 19:35:52:366 MAPA/(8083:8084): quantum del entrenador: 0
[TRACE] 19:35:52:867 MAPA/(8083:8084): atendiendo solicitud
[TRACE] 19:35:52:867 MAPA/(8083:8084): quantum del entrenador: 1
[TRACE] 19:35:53:367 MAPA/(8083:8084): atendiendo solicitud
[TRACE] 19:35:53:367 MAPA/(8083:8084): quantum del entrenador: 2
[TRACE] 19:35:53:868 MAPA/(8083:8084): atendiendo solicitud
[TRACE] 19:35:53:868 MAPA/(8083:8084): atendiendo cola Listos
[TRACE] 19:35:53:868 MAPA/(8083:8084): quantum del entrenador: 0
[TRACE] 19:35:54:368 MAPA/(8083:8084): atendiendo solicitud
[TRACE] 19:35:54:368 MAPA/(8083:8084): quantum del entrenador: 1
[TRACE] 19:35:54:868 MAPA/(8083:8084): atendiendo solicitud
[TRACE] 19:35:54:869 MAPA/(8083:8084): quantum del entrenador: 2
[TRACE] 19:35:55:369 MAPA/(8083:8084): atendiendo solicitud
[TRACE] 19:35:55:369 MAPA/(8083:8084): atendiendo cola Listos
[TRACE] 19:35:55:369 MAPA/(8083:8084): quantum del entrenador: 0
[TRACE] 19:35:55:870 MAPA/(8083:8084): atendiendo solicitud
[TRACE] 19:35:55:871 MAPA/(8083:8084): quantum del entrenador: 1
[TRACE] 19:35:56:371 MAPA/(8083:8084): atendiendo solicitud
[TRACE] 19:35:56:371 MAPA/(8083:8084): quantum del entrenador: 2
[TRACE] 19:35:56:872 MAPA/(8083:8084): atendiendo solicitud
[TRACE] 19:35:56:872 MAPA/(8083:8084): atendiendo cola Listos
[TRACE] 19:35:56:872 MAPA/(8083:8084): quantum del entrenador: 0
[TRACE] 19:35:57:372 MAPA/(8083:8084): atendiendo solicitud
[TRACE] 19:35:57:372 MAPA/(8083:8084): quantum del entrenador: 1
[TRACE] 19:35:57:873 MAPA/(8083:8084): atendiendo solicitud
[TRACE] 19:35:57:873 MAPA/(8083:8084): quantum del entrenador: 2
[TRACE] 19:35:58:373 MAPA/(8083:8084): atendiendo solicitud
[TRACE] 19:35:58:373 MAPA/(8083:8084): atendiendo cola Listos
[TRACE] 19:35:58:373 MAPA/(8083:8084): quantum del entrenador: 0
[TRACE] 19:35:58:874 MAPA/(8083:8084): atendiendo solicitud
[TRACE] 19:35:58:874 MAPA/(8083:8084): quantum del entrenador: 1
[TRACE] 19:35:59:374 MAPA/(8083:8084): atendiendo solicitud
[TRACE] 19:35:59:374 MAPA/(8083:8084): quantum del entrenador: 2
[TRACE] 19:35:59:875 MAPA/(8083:8084): atendiendo solicitud
[TRACE] 19:35:59:875 MAPA/(8083:8084): atendiendo cola Listos
[TRACE] 19:35:59:875 MAPA/(8083:8084): quantum del entrenador: 0
[TRACE] 19:36:00:375 MAPA/(8083:8084): atendiendo solicitud
[TRACE] 19:36:00:375 MAPA/(8083:8084): quantum del entrenador: 1
[TRACE] 19:36:00:876 MAPA/(8083:8084): atendiendo solicitud
[TRACE] 19:36:00:877 MAPA/(8083:8084): quantum del entrenador: 2
[TRACE] 19:36:01:377 MAPA/(8083:8084): atendiendo solicitud
[TRACE] 19:36:01:377 MAPA/(8083:8084): atendiendo cola Listos
[TRACE] 19:36:01:377 MAPA/(8083:8084): quantum del entrenador: 0
[TRACE] 19:36:01:878 MAPA/(8083:8084): atendiendo solicitud
[TRACE] 19:36:01:878 MAPA/(8083:8084): quantum del entrenador: 1
[TRACE] 19:36:02:378 MAPA/(8083:8084): atendiendo solicitud
[TRACE] 19:36:02:378 MAPA/(8083:8084): quantum del entrenador: 2
[TRACE] 19:36:02:878 MAPA/(8083:8084): atendiendo solicitud
[TRACE] 19:36:02:878 MAPA/(8083:8084): atendiendo cola Listos
[TRACE] 19:36:02:878 MAPA/(8083:8084): quantum del entrenador: 0
[TRACE] 19:36:03:379 MAPA/(8083:8084): atendiendo solicitud
[TRACE] 19:36:03:379 MAPA/(8083:8084): quantum del entrenador: 1
[TRACE] 19:36:03:880 MAPA/(8083:8084): atendiendo solicitud
[TRACE] 19:36:03:880 MAPA/(8083:8084): quantum del entrenador: 2
[TRACE] 19:36:04:380 MAPA/(8083:8084): atendiendo solicitud
[TRACE] 19:36:04:381 MAPA/(8083:8084): atendiendo cola Listos
[TRACE] 19:36:04:381 MAPA/(8083:8084): quantum del entrenador: 0
[TRACE] 19:36:04:881 MAPA/(8083:8084): atendiendo solicitud
[TRACE] 19:36:04:881 MAPA/(8083:8084): quantum del entrenador: 1
[TRACE] 19:36:05:381 MAPA/(8083:8084): atendiendo solicitud
[TRACE] 19:36:05:381 MAPA/(8083:8084): quantum del entrenador: 2
[TRACE] 19:36:05:882 MAPA/(8083:8084): atendiendo solicitud
[TRACE] 19:36:05:882 MAPA/(8083:8084): atendiendo cola Listos
[TRACE] 19:36:05:882 MAPA/(8083:8084): quantum del entrenador: 0
[TRACE] 19:36:06:383 MAPA/(8083:8084): atendiendo solicitud
[TRACE] 19:36:06:383 MAPA/(8083:8084): quantum del entrenador: 1
[TRACE] 19:36:06:883 MAPA/(8083:8084): atendiendo solicitud
[TRACE] 19:36:06:883 MAPA/(8083:8084): quantum del entrenador: 2
[TRACE] 19:36:07:384 MAPA/(8083:8084): atendiendo solicitud
[TRACE] 19:36:07:384 MAPA/(8083:8084): atendiendo cola Listos
[TRACE] 19:36:07:384 MAPA/(8083:8084): quantum del entrenador: 0
[TRACE] 19:36:07:884 MAPA/(8083:8084): atendiendo solicitud
[TRACE] 19:36:07:884 MAPA/(8083:8084): quantum del entrenador: 1
[TRACE] 19:36:08:385 MAPA/(8083:8084): atendiendo solicitud
[TRACE] 19:36:08:385 MAPA/(8083:8084): quantum del entrenador: 2
[TRACE] 19:36:08:885 MAPA/(8083:8084): atendiendo solicitud
[TRACE] 19:36:08:885 MAPA/(8083:8084): atendiendo cola Listos
[TRACE] 19:36:08:885 MAPA/(8083:8084): quantum del entrenador: 0
[TRACE] 19:36:09:386 MAPA/(8083:8084): atendiendo solicitud
[TRACE] 19:36:09:386 MAPA/(8083:8084): atendiendo cola Listos
[TRACE] 19:36:09:386 MAPA/(8083:8084): quantum del entrenador: 0
[TRACE] 19:36:09:886 MAPA/(8083:8084): atendiendo solicitud
[TRACE] 19:37:14:807 MAPA/(8126:8126): Se obtuvo la ruta a metadata /home/utnso/so-charmander-pruebas/01-base/Mapas/Home/metadata
[TRACE] 19:37:14:807 MAPA/(8126:8126): se cargo la metadata
[TRACE] 19:37:14:807 MAPA/(8126:8126): Se iniciaron las colas y listas
[TRACE] 19:37:14:807 MAPA/(8126:8126): se creo hilo deadlock
[TRACE] 19:37:14:808 MAPA/(8126:8126): se creo hilo de dibujo
[TRACE] 19:37:14:808 MAPA/(8126:8126): Se creo servidor, escuchando en : 4
[TRACE] 19:37:42:311 MAPA/(8126:8126): Se conecto alguien. Socket asignado: 5
[TRACE] 19:37:42:328 MAPA/(8126:8127): atendiendo cola Listos
[TRACE] 19:37:42:328 MAPA/(8126:8127): quantum del entrenador: 0
[TRACE] 19:37:42:829 MAPA/(8126:8127): atendiendo solicitud
[TRACE] 19:37:42:829 MAPA/(8126:8127): quantum del entrenador: 1
[TRACE] 19:37:43:332 MAPA/(8126:8127): atendiendo solicitud
[TRACE] 19:37:43:332 MAPA/(8126:8127): quantum del entrenador: 2
[TRACE] 19:37:43:838 MAPA/(8126:8127): atendiendo solicitud
[TRACE] 19:37:43:838 MAPA/(8126:8127): atendiendo cola Listos
[TRACE] 19:37:43:838 MAPA/(8126:8127): quantum del entrenador: 0
[TRACE] 19:37:44:341 MAPA/(8126:8127): atendiendo solicitud
[TRACE] 19:37:44:341 MAPA/(8126:8127): quantum del entrenador: 1
[TRACE] 19:37:44:845 MAPA/(8126:8127): atendiendo solicitud
[TRACE] 19:37:44:845 MAPA/(8126:8127): quantum del entrenador: 2
[TRACE] 19:37:45:345 MAPA/(8126:8127): atendiendo solicitud
[TRACE] 19:37:45:345 MAPA/(8126:8127): atendiendo cola Listos
[TRACE] 19:37:45:345 MAPA/(8126:8127): quantum del entrenador: 0
[TRACE] 19:37:45:849 MAPA/(8126:8127): atendiendo solicitud
[TRACE] 19:37:45:850 MAPA/(8126:8127): quantum del entrenador: 1
[TRACE] 19:37:46:361 MAPA/(8126:8127): atendiendo solicitud
[TRACE] 19:37:46:361 MAPA/(8126:8127): quantum del entrenador: 2
[TRACE] 19:37:46:864 MAPA/(8126:8127): atendiendo solicitud
[TRACE] 19:37:46:864 MAPA/(8126:8127): atendiendo cola Listos
[TRACE] 19:37:46:864 MAPA/(8126:8127): quantum del entrenador: 0
[TRACE] 19:37:47:364 MAPA/(8126:8127): atendiendo solicitud
[TRACE] 19:37:47:365 MAPA/(8126:8127): quantum del entrenador: 1
[TRACE] 19:37:47:868 MAPA/(8126:8127): atendiendo solicitud
[TRACE] 19:37:47:868 MAPA/(8126:8127): quantum del entrenador: 2
[TRACE] 19:37:48:368 MAPA/(8126:8127): atendiendo solicitud
[TRACE] 19:37:48:368 MAPA/(8126:8127): atendiendo cola Listos
[TRACE] 19:37:48:368 MAPA/(8126:8127): quantum del entrenador: 0
[TRACE] 19:37:48:869 MAPA/(8126:8127): atendiendo solicitud
[TRACE] 19:37:48:869 MAPA/(8126:8127): quantum del entrenador: 1
[TRACE] 19:37:49:378 MAPA/(8126:8127): atendiendo solicitud
[TRACE] 19:37:49:378 MAPA/(8126:8127): atendiendo cola Listos
[TRACE] 19:37:49:378 MAPA/(8126:8127): quantum del entrenador: 0
[TRACE] 19:37:49:883 MAPA/(8126:8127): atendiendo solicitud
[TRACE] 19:37:49:883 MAPA/(8126:8127): quantum del entrenador: 1
[TRACE] 19:37:50:386 MAPA/(8126:8127): atendiendo solicitud
[TRACE] 19:37:50:386 MAPA/(8126:8127): quantum del entrenador: 2
[TRACE] 19:37:50:893 MAPA/(8126:8127): atendiendo solicitud
[TRACE] 19:37:50:893 MAPA/(8126:8127): atendiendo cola Listos
[TRACE] 19:37:50:893 MAPA/(8126:8127): quantum del entrenador: 0
[TRACE] 19:37:51:401 MAPA/(8126:8127): atendiendo solicitud
[TRACE] 19:37:51:402 MAPA/(8126:8127): quantum del entrenador: 1
[TRACE] 19:37:51:903 MAPA/(8126:8127): atendiendo solicitud
[TRACE] 19:37:51:903 MAPA/(8126:8127): quantum del entrenador: 2
[TRACE] 19:37:52:405 MAPA/(8126:8127): atendiendo solicitud
[TRACE] 19:37:52:406 MAPA/(8126:8127): atendiendo cola Listos
[TRACE] 19:37:52:406 MAPA/(8126:8127): quantum del entrenador: 0
[TRACE] 19:37:52:907 MAPA/(8126:8127): atendiendo solicitud
[TRACE] 19:37:52:907 MAPA/(8126:8127): quantum del entrenador: 1
[TRACE] 19:37:53:407 MAPA/(8126:8127): atendiendo solicitud
[TRACE] 19:37:53:407 MAPA/(8126:8127): quantum del entrenador: 2
[TRACE] 19:37:53:909 MAPA/(8126:8127): atendiendo solicitud
[TRACE] 19:37:53:909 MAPA/(8126:8127): atendiendo cola Listos
[TRACE] 19:37:53:909 MAPA/(8126:8127): quantum del entrenador: 0
[TRACE] 19:37:54:409 MAPA/(8126:8127): atendiendo solicitud
[TRACE] 19:37:54:409 MAPA/(8126:8127): quantum del entrenador: 1
[TRACE] 19:37:54:909 MAPA/(8126:8127): atendiendo solicitud
[TRACE] 19:37:54:910 MAPA/(8126:8127): quantum del entrenador: 2
[TRACE] 19:37:55:413 MAPA/(8126:8127): atendiendo solicitud
[TRACE] 19:37:55:413 MAPA/(8126:8127): atendiendo cola Listos
[TRACE] 19:37:55:413 MAPA/(8126:8127): quantum del entrenador: 0
[TRACE] 19:37:55:914 MAPA/(8126:8127): atendiendo solicitud
[TRACE] 19:37:55:918 MAPA/(8126:8127): quantum del entrenador: 1
[TRACE] 19:37:56:418 MAPA/(8126:8127): atendiendo solicitud
[TRACE] 19:37:56:418 MAPA/(8126:8127): quantum del entrenador: 2
[TRACE] 19:37:56:921 MAPA/(8126:8127): atendiendo solicitud
[TRACE] 19:37:56:921 MAPA/(8126:8127): atendiendo cola Listos
[TRACE] 19:37:56:921 MAPA/(8126:8127): quantum del entrenador: 0
[TRACE] 19:37:57:425 MAPA/(8126:8127): atendiendo solicitud
[TRACE] 19:37:57:426 MAPA/(8126:8127): quantum del entrenador: 1
[TRACE] 19:37:57:926 MAPA/(8126:8127): atendiendo solicitud
[TRACE] 19:37:57:926 MAPA/(8126:8127): quantum del entrenador: 2
[TRACE] 19:37:58:433 MAPA/(8126:8127): atendiendo solicitud
[TRACE] 19:37:58:433 MAPA/(8126:8127): atendiendo cola Listos
[TRACE] 19:37:58:433 MAPA/(8126:8127): quantum del entrenador: 0
[TRACE] 19:37:58:934 MAPA/(8126:8127): atendiendo solicitud
[TRACE] 19:37:58:934 MAPA/(8126:8127): quantum del entrenador: 1
[TRACE] 19:37:59:438 MAPA/(8126:8127): atendiendo solicitud
[TRACE] 19:37:59:438 MAPA/(8126:8127): quantum del entrenador: 2
[TRACE] 19:37:59:941 MAPA/(8126:8127): atendiendo solicitud
[TRACE] 19:37:59:942 MAPA/(8126:8127): atendiendo cola Listos
[TRACE] 19:37:59:942 MAPA/(8126:8127): quantum del entrenador: 0
[TRACE] 19:38:00:442 MAPA/(8126:8127): atendiendo solicitud
[TRACE] 19:38:00:442 MAPA/(8126:8127): quantum del entrenador: 1
[TRACE] 19:38:00:943 MAPA/(8126:8127): atendiendo solicitud
[TRACE] 19:38:00:943 MAPA/(8126:8127): quantum del entrenador: 2
[TRACE] 19:38:01:443 MAPA/(8126:8127): atendiendo solicitud
[TRACE] 19:38:01:443 MAPA/(8126:8127): atendiendo cola Listos
[TRACE] 19:38:01:443 MAPA/(8126:8127): quantum del entrenador: 0
[TRACE] 19:38:01:944 MAPA/(8126:8127): atendiendo solicitud
[TRACE] 19:38:01:944 MAPA/(8126:8127): quantum del entrenador: 1
[TRACE] 19:38:02:444 MAPA/(8126:8127): atendiendo solicitud
[TRACE] 19:38:02:444 MAPA/(8126:8127): quantum del entrenador: 2
[TRACE] 19:38:02:945 MAPA/(8126:8127): atendiendo solicitud
[TRACE] 19:38:02:947 MAPA/(8126:8127): atendiendo cola Listos
[TRACE] 19:38:02:947 MAPA/(8126:8127): quantum del entrenador: 0
[TRACE] 19:38:03:453 MAPA/(8126:8127): atendiendo solicitud
[TRACE] 19:38:03:453 MAPA/(8126:8127): quantum del entrenador: 1
[TRACE] 19:38:03:954 MAPA/(8126:8127): atendiendo solicitud
[TRACE] 19:38:03:955 MAPA/(8126:8127): quantum del entrenador: 2
[TRACE] 19:38:04:455 MAPA/(8126:8127): atendiendo solicitud
[TRACE] 19:38:04:455 MAPA/(8126:8127): atendiendo cola Listos
[TRACE] 19:38:04:455 MAPA/(8126:8127): quantum del entrenador: 0
[TRACE] 19:38:04:955 MAPA/(8126:8127): atendiendo solicitud
[TRACE] 19:38:04:961 MAPA/(8126:8127): quantum del entrenador: 1
[TRACE] 19:38:05:461 MAPA/(8126:8127): atendiendo solicitud
[TRACE] 19:38:05:461 MAPA/(8126:8127): quantum del entrenador: 2
[TRACE] 19:38:05:962 MAPA/(8126:8127): atendiendo solicitud
[TRACE] 19:38:05:962 MAPA/(8126:8127): atendiendo cola Listos
[TRACE] 19:38:05:962 MAPA/(8126:8127): quantum del entrenador: 0
[TRACE] 19:38:06:462 MAPA/(8126:8127): atendiendo solicitud
[TRACE] 19:38:06:462 MAPA/(8126:8127): quantum del entrenador: 1
[TRACE] 19:38:06:965 MAPA/(8126:8127): atendiendo solicitud
[TRACE] 19:38:06:965 MAPA/(8126:8127): quantum del entrenador: 2
[TRACE] 19:38:07:466 MAPA/(8126:8127): atendiendo solicitud
[TRACE] 19:38:07:467 MAPA/(8126:8127): atendiendo cola Listos
[TRACE] 19:38:07:467 MAPA/(8126:8127): quantum del entrenador: 0
[TRACE] 19:38:07:967 MAPA/(8126:8127): atendiendo solicitud
[TRACE] 19:38:07:967 MAPA/(8126:8127): quantum del entrenador: 1
[TRACE] 19:38:08:473 MAPA/(8126:8127): atendiendo solicitud
[TRACE] 19:38:08:473 MAPA/(8126:8127): quantum del entrenador: 2
[TRACE] 19:38:08:977 MAPA/(8126:8127): atendiendo solicitud
[TRACE] 19:38:08:977 MAPA/(8126:8127): atendiendo cola Listos
[TRACE] 19:38:08:977 MAPA/(8126:8127): quantum del entrenador: 0
[TRACE] 19:38:09:481 MAPA/(8126:8127): atendiendo solicitud
[TRACE] 19:38:09:481 MAPA/(8126:8127): quantum del entrenador: 1
[TRACE] 19:38:09:982 MAPA/(8126:8127): atendiendo solicitud
[TRACE] 19:38:09:983 MAPA/(8126:8127): quantum del entrenador: 2
[TRACE] 19:38:10:484 MAPA/(8126:8127): atendiendo solicitud
[TRACE] 19:38:10:484 MAPA/(8126:8127): atendiendo cola Listos
[TRACE] 19:38:10:484 MAPA/(8126:8127): quantum del entrenador: 0
[TRACE] 19:38:10:984 MAPA/(8126:8127): atendiendo solicitud
[TRACE] 19:38:10:984 MAPA/(8126:8127): atendiendo cola Listos
[TRACE] 19:38:10:984 MAPA/(8126:8127): quantum del entrenador: 0
[TRACE] 19:38:11:489 MAPA/(8126:8127): atendiendo solicitud
[TRACE] 19:40:09:317 MAPA/(8217:8217): Se obtuvo la ruta a metadata /home/utnso/so-charmander-pruebas/01-base/Mapas/Home/metadata
[TRACE] 19:40:09:317 MAPA/(8217:8217): se cargo la metadata
[TRACE] 19:40:09:317 MAPA/(8217:8217): Se iniciaron las colas y listas
[TRACE] 19:40:09:317 MAPA/(8217:8217): se creo hilo deadlock
[TRACE] 19:40:09:318 MAPA/(8217:8217): se creo hilo de dibujo
[TRACE] 19:40:09:318 MAPA/(8217:8217): Se creo servidor, escuchando en : 4
[TRACE] 19:40:29:492 MAPA/(8217:8217): Se conecto alguien. Socket asignado: 5
[TRACE] 19:40:29:504 MAPA/(8217:8218): atendiendo cola Listos
[TRACE] 19:40:29:504 MAPA/(8217:8218): quantum del entrenador: 0
[TRACE] 19:40:30:5 MAPA/(8217:8218): atendiendo solicitud
[TRACE] 19:40:30:5 MAPA/(8217:8218): quantum del entrenador: 1
[TRACE] 19:40:30:510 MAPA/(8217:8218): atendiendo solicitud
[TRACE] 19:40:30:510 MAPA/(8217:8218): quantum del entrenador: 2
[TRACE] 19:40:31:10 MAPA/(8217:8218): atendiendo solicitud
[TRACE] 19:40:31:17 MAPA/(8217:8218): atendiendo cola Listos
[TRACE] 19:40:31:17 MAPA/(8217:8218): quantum del entrenador: 0
[TRACE] 19:40:31:521 MAPA/(8217:8218): atendiendo solicitud
[TRACE] 19:40:31:521 MAPA/(8217:8218): quantum del entrenador: 1
[TRACE] 19:40:32:24 MAPA/(8217:8218): atendiendo solicitud
[TRACE] 19:40:32:24 MAPA/(8217:8218): quantum del entrenador: 2
[TRACE] 19:40:32:525 MAPA/(8217:8218): atendiendo solicitud
[TRACE] 19:40:32:526 MAPA/(8217:8218): atendiendo cola Listos
[TRACE] 19:40:32:526 MAPA/(8217:8218): quantum del entrenador: 0
[TRACE] 19:40:33:26 MAPA/(8217:8218): atendiendo solicitud
[TRACE] 19:40:33:28 MAPA/(8217:8218): quantum del entrenador: 1
[TRACE] 19:40:33:533 MAPA/(8217:8218): atendiendo solicitud
[TRACE] 19:40:33:533 MAPA/(8217:8218): quantum del entrenador: 2
[TRACE] 19:40:34:41 MAPA/(8217:8218): atendiendo solicitud
[TRACE] 19:40:34:41 MAPA/(8217:8218): atendiendo cola Listos
[TRACE] 19:40:34:41 MAPA/(8217:8218): quantum del entrenador: 0
[TRACE] 19:40:34:543 MAPA/(8217:8218): atendiendo solicitud
[TRACE] 19:40:34:544 MAPA/(8217:8218): quantum del entrenador: 1
[TRACE] 19:40:35:45 MAPA/(8217:8218): atendiendo solicitud
[TRACE] 19:40:35:45 MAPA/(8217:8218): quantum del entrenador: 2
[TRACE] 19:40:35:545 MAPA/(8217:8218): atendiendo solicitud
[TRACE] 19:40:35:545 MAPA/(8217:8218): atendiendo cola Listos
[TRACE] 19:40:35:545 MAPA/(8217:8218): quantum del entrenador: 0
[TRACE] 19:40:36:46 MAPA/(8217:8218): atendiendo solicitud
[TRACE] 19:40:36:46 MAPA/(8217:8218): quantum del entrenador: 1
[TRACE] 19:40:36:546 MAPA/(8217:8218): atendiendo solicitud
[TRACE] 19:40:36:551 MAPA/(8217:8218): atendiendo cola Listos
[TRACE] 19:40:36:551 MAPA/(8217:8218): quantum del entrenador: 0
[TRACE] 19:40:37:53 MAPA/(8217:8218): atendiendo solicitud
[TRACE] 19:40:37:53 MAPA/(8217:8218): quantum del entrenador: 1
[TRACE] 19:40:37:557 MAPA/(8217:8218): atendiendo solicitud
[TRACE] 19:40:37:557 MAPA/(8217:8218): quantum del entrenador: 2
[TRACE] 19:40:38:62 MAPA/(8217:8218): atendiendo solicitud
[TRACE] 19:40:38:62 MAPA/(8217:8218): atendiendo cola Listos
[TRACE] 19:40:38:62 MAPA/(8217:8218): quantum del entrenador: 0
[TRACE] 19:40:38:565 MAPA/(8217:8218): atendiendo solicitud
[TRACE] 19:40:38:566 MAPA/(8217:8218): quantum del entrenador: 1
[TRACE] 19:40:39:66 MAPA/(8217:8218): atendiendo solicitud
[TRACE] 19:40:39:67 MAPA/(8217:8218): quantum del entrenador: 2
[TRACE] 19:40:39:570 MAPA/(8217:8218): atendiendo solicitud
[TRACE] 19:40:39:571 MAPA/(8217:8218): atendiendo cola Listos
[TRACE] 19:40:39:571 MAPA/(8217:8218): quantum del entrenador: 0
[TRACE] 19:40:40:77 MAPA/(8217:8218): atendiendo solicitud
[TRACE] 19:40:40:77 MAPA/(8217:8218): quantum del entrenador: 1
[TRACE] 19:40:40:578 MAPA/(8217:8218): atendiendo solicitud
[TRACE] 19:40:40:578 MAPA/(8217:8218): quantum del entrenador: 2
[TRACE] 19:40:41:78 MAPA/(8217:8218): atendiendo solicitud
[TRACE] 19:40:41:85 MAPA/(8217:8218): atendiendo cola Listos
[TRACE] 19:40:41:85 MAPA/(8217:8218): quantum del entrenador: 0
[TRACE] 19:40:41:586 MAPA/(8217:8218): atendiendo solicitud
[TRACE] 19:40:41:586 MAPA/(8217:8218): quantum del entrenador: 1
[TRACE] 19:40:42:86 MAPA/(8217:8218): atendiendo solicitud
[TRACE] 19:40:42:86 MAPA/(8217:8218): quantum del entrenador: 2
[TRACE] 19:40:42:587 MAPA/(8217:8218): atendiendo solicitud
[TRACE] 19:40:42:587 MAPA/(8217:8218): atendiendo cola Listos
[TRACE] 19:40:42:587 MAPA/(8217:8218): quantum del entrenador: 0
[TRACE] 19:40:43:87 MAPA/(8217:8218): atendiendo solicitud
[TRACE] 19:40:43:87 MAPA/(8217:8218): quantum del entrenador: 1
[TRACE] 19:40:43:593 MAPA/(8217:8218): atendiendo solicitud
[TRACE] 19:40:43:593 MAPA/(8217:8218): quantum del entrenador: 2
[TRACE] 19:40:44:94 MAPA/(8217:8218): atendiendo solicitud
[TRACE] 19:40:44:94 MAPA/(8217:8218): atendiendo cola Listos
[TRACE] 19:40:44:94 MAPA/(8217:8218): quantum del entrenador: 0
[TRACE] 19:40:44:595 MAPA/(8217:8218): atendiendo solicitud
[TRACE] 19:40:44:597 MAPA/(8217:8218): quantum del entrenador: 1
[TRACE] 19:40:45:98 MAPA/(8217:8218): atendiendo solicitud
[TRACE] 19:40:45:98 MAPA/(8217:8218): quantum del entrenador: 2
[TRACE] 19:40:45:599 MAPA/(8217:8218): atendiendo solicitud
[TRACE] 19:40:45:599 MAPA/(8217:8218): atendiendo cola Listos
[TRACE] 19:40:45:599 MAPA/(8217:8218): quantum del entrenador: 0
[TRACE] 19:40:46:102 MAPA/(8217:8218): atendiendo solicitud
[TRACE] 19:40:46:102 MAPA/(8217:8218): quantum del entrenador: 1
[TRACE] 19:40:46:603 MAPA/(8217:8218): atendiendo solicitud
[TRACE] 19:40:46:609 MAPA/(8217:8218): quantum del entrenador: 2
[TRACE] 19:40:47:109 MAPA/(8217:8218): atendiendo solicitud
[TRACE] 19:40:47:110 MAPA/(8217:8218): atendiendo cola Listos
[TRACE] 19:40:47:110 MAPA/(8217:8218): quantum del entrenador: 0
[TRACE] 19:40:47:611 MAPA/(8217:8218): atendiendo solicitud
[TRACE] 19:40:47:611 MAPA/(8217:8218): quantum del entrenador: 1
[TRACE] 19:40:48:117 MAPA/(8217:8218): atendiendo solicitud
[TRACE] 19:40:48:117 MAPA/(8217:8218): quantum del entrenador: 2
[TRACE] 19:40:48:621 MAPA/(8217:8218): atendiendo solicitud
[TRACE] 19:40:48:621 MAPA/(8217:8218): atendiendo cola Listos
[TRACE] 19:40:48:621 MAPA/(8217:8218): quantum del entrenador: 0
[TRACE] 19:40:49:125 MAPA/(8217:8218): atendiendo solicitud
[TRACE] 19:40:49:125 MAPA/(8217:8218): quantum del entrenador: 1
[TRACE] 19:40:49:626 MAPA/(8217:8218): atendiendo solicitud
[TRACE] 19:40:49:627 MAPA/(8217:8218): quantum del entrenador: 2
[TRACE] 19:40:50:128 MAPA/(8217:8218): atendiendo solicitud
[TRACE] 19:40:50:128 MAPA/(8217:8218): atendiendo cola Listos
[TRACE] 19:40:50:128 MAPA/(8217:8218): quantum del entrenador: 0
[TRACE] 19:40:50:634 MAPA/(8217:8218): atendiendo solicitud
[TRACE] 19:40:50:634 MAPA/(8217:8218): quantum del entrenador: 1
[TRACE] 19:40:51:134 MAPA/(8217:8218): atendiendo solicitud
[TRACE] 19:40:51:134 MAPA/(8217:8218): quantum del entrenador: 2
[TRACE] 19:40:51:641 MAPA/(8217:8218): atendiendo solicitud
[TRACE] 19:40:51:642 MAPA/(8217:8218): atendiendo cola Listos
[TRACE] 19:40:51:642 MAPA/(8217:8218): quantum del entrenador: 0
[TRACE] 19:40:52:142 MAPA/(8217:8218): atendiendo solicitud
[TRACE] 19:40:52:142 MAPA/(8217:8218): quantum del entrenador: 1
[TRACE] 19:40:52:649 MAPA/(8217:8218): atendiendo solicitud
[TRACE] 19:40:52:649 MAPA/(8217:8218): quantum del entrenador: 2
[TRACE] 19:40:53:150 MAPA/(8217:8218): atendiendo solicitud
[TRACE] 19:40:53:150 MAPA/(8217:8218): atendiendo cola Listos
[TRACE] 19:40:53:150 MAPA/(8217:8218): quantum del entrenador: 0
[TRACE] 19:40:53:654 MAPA/(8217:8218): atendiendo solicitud
[TRACE] 19:40:53:654 MAPA/(8217:8218): quantum del entrenador: 1
[TRACE] 19:40:54:154 MAPA/(8217:8218): atendiendo solicitud
[TRACE] 19:40:54:154 MAPA/(8217:8218): quantum del entrenador: 2
[TRACE] 19:40:54:655 MAPA/(8217:8218): atendiendo solicitud
[TRACE] 19:40:54:656 MAPA/(8217:8218): atendiendo cola Listos
[TRACE] 19:40:54:656 MAPA/(8217:8218): quantum del entrenador: 0
[TRACE] 19:40:55:156 MAPA/(8217:8218): atendiendo solicitud
[TRACE] 19:40:55:156 MAPA/(8217:8218): quantum del entrenador: 1
[TRACE] 19:40:55:661 MAPA/(8217:8218): atendiendo solicitud
[TRACE] 19:40:55:661 MAPA/(8217:8218): quantum del entrenador: 2
[TRACE] 19:40:56:162 MAPA/(8217:8218): atendiendo solicitud
[TRACE] 19:40:56:162 MAPA/(8217:8218): atendiendo cola Listos
[TRACE] 19:40:56:162 MAPA/(8217:8218): quantum del entrenador: 0
[TRACE] 19:40:56:664 MAPA/(8217:8218): atendiendo solicitud
[TRACE] 19:40:56:664 MAPA/(8217:8218): quantum del entrenador: 1
[TRACE] 19:40:57:164 MAPA/(8217:8218): atendiendo solicitud
[TRACE] 19:40:57:164 MAPA/(8217:8218): quantum del entrenador: 2
[TRACE] 19:40:57:667 MAPA/(8217:8218): atendiendo solicitud
[TRACE] 19:40:57:667 MAPA/(8217:8218): atendiendo cola Listos
[TRACE] 19:40:57:667 MAPA/(8217:8218): quantum del entrenador: 0
[TRACE] 19:40:58:169 MAPA/(8217:8218): atendiendo solicitud
[TRACE] 19:40:58:169 MAPA/(8217:8218): atendiendo cola Listos
[TRACE] 19:40:58:169 MAPA/(8217:8218): quantum del entrenador: 0
[TRACE] 19:40:58:670 MAPA/(8217:8218): atendiendo solicitud
[TRACE] 19:45:18:689 MAPA/(8306:8306): Se obtuvo la ruta a metadata /home/utnso/so-charmander-pruebas/01-base/Mapas/Home/metadata
[TRACE] 19:45:18:689 MAPA/(8306:8306): se cargo la metadata
[TRACE] 19:45:18:689 MAPA/(8306:8306): Se iniciaron las colas y listas
[TRACE] 19:45:18:689 MAPA/(8306:8306): se creo hilo deadlock
[TRACE] 19:45:18:689 MAPA/(8306:8306): se creo hilo de dibujo
[TRACE] 19:45:18:689 MAPA/(8306:8306): Se creo servidor, escuchando en : 4
[TRACE] 19:45:57:51 MAPA/(8306:8306): Se conecto alguien. Socket asignado: 5
[TRACE] 19:45:57:64 MAPA/(8306:8307): atendiendo cola Listos
[TRACE] 19:45:57:64 MAPA/(8306:8307): quantum del entrenador: 0
[TRACE] 19:45:57:564 MAPA/(8306:8307): atendiendo solicitud
[TRACE] 19:45:57:564 MAPA/(8306:8307): quantum del entrenador: 1
[TRACE] 19:45:58:65 MAPA/(8306:8307): atendiendo solicitud
[TRACE] 19:45:58:65 MAPA/(8306:8307): quantum del entrenador: 2
[TRACE] 19:45:58:565 MAPA/(8306:8307): atendiendo solicitud
[TRACE] 19:45:58:565 MAPA/(8306:8307): atendiendo cola Listos
[TRACE] 19:45:58:565 MAPA/(8306:8307): quantum del entrenador: 0
[TRACE] 19:45:59:72 MAPA/(8306:8307): atendiendo solicitud
[TRACE] 19:45:59:72 MAPA/(8306:8307): quantum del entrenador: 1
[TRACE] 19:45:59:575 MAPA/(8306:8307): atendiendo solicitud
[TRACE] 19:45:59:576 MAPA/(8306:8307): quantum del entrenador: 2
[TRACE] 19:46:00:81 MAPA/(8306:8307): atendiendo solicitud
[TRACE] 19:46:00:81 MAPA/(8306:8307): atendiendo cola Listos
[TRACE] 19:46:00:81 MAPA/(8306:8307): quantum del entrenador: 0
[TRACE] 19:46:00:589 MAPA/(8306:8307): atendiendo solicitud
[TRACE] 19:46:00:589 MAPA/(8306:8307): quantum del entrenador: 1
[TRACE] 19:46:01:90 MAPA/(8306:8307): atendiendo solicitud
[TRACE] 19:46:01:90 MAPA/(8306:8307): quantum del entrenador: 2
[TRACE] 19:46:01:590 MAPA/(8306:8307): atendiendo solicitud
[TRACE] 19:46:01:590 MAPA/(8306:8307): atendiendo cola Listos
[TRACE] 19:46:01:590 MAPA/(8306:8307): quantum del entrenador: 0
[TRACE] 19:46:02:91 MAPA/(8306:8307): atendiendo solicitud
[TRACE] 19:46:02:91 MAPA/(8306:8307): quantum del entrenador: 1
[TRACE] 19:46:02:591 MAPA/(8306:8307): atendiendo solicitud
[TRACE] 19:46:02:591 MAPA/(8306:8307): quantum del entrenador: 2
[TRACE] 19:46:03:93 MAPA/(8306:8307): atendiendo solicitud
[TRACE] 19:46:03:93 MAPA/(8306:8307): atendiendo cola Listos
[TRACE] 19:46:03:93 MAPA/(8306:8307): quantum del entrenador: 0
[TRACE] 19:46:03:594 MAPA/(8306:8307): atendiendo solicitud
[TRACE] 19:46:03:594 MAPA/(8306:8307): quantum del entrenador: 1
[TRACE] 19:46:04:95 MAPA/(8306:8307): atendiendo solicitud
[TRACE] 19:46:04:96 MAPA/(8306:8307): atendiendo cola Listos
[TRACE] 19:46:04:96 MAPA/(8306:8307): quantum del entrenador: 0
[TRACE] 19:46:04:601 MAPA/(8306:8307): atendiendo solicitud
[TRACE] 19:46:04:603 MAPA/(8306:8307): quantum del entrenador: 1
[TRACE] 19:46:05:105 MAPA/(8306:8307): atendiendo solicitud
[TRACE] 19:46:05:105 MAPA/(8306:8307): quantum del entrenador: 2
[TRACE] 19:46:05:606 MAPA/(8306:8307): atendiendo solicitud
[TRACE] 19:46:05:606 MAPA/(8306:8307): atendiendo cola Listos
[TRACE] 19:46:05:606 MAPA/(8306:8307): quantum del entrenador: 0
[TRACE] 19:46:06:107 MAPA/(8306:8307): atendiendo solicitud
[TRACE] 19:46:06:113 MAPA/(8306:8307): quantum del entrenador: 1
[TRACE] 19:46:06:617 MAPA/(8306:8307): atendiendo solicitud
[TRACE] 19:46:06:621 MAPA/(8306:8307): quantum del entrenador: 2
[TRACE] 19:46:07:125 MAPA/(8306:8307): atendiendo solicitud
[TRACE] 19:46:07:125 MAPA/(8306:8307): atendiendo cola Listos
[TRACE] 19:46:07:125 MAPA/(8306:8307): quantum del entrenador: 0
[TRACE] 19:46:07:626 MAPA/(8306:8307): atendiendo solicitud
[TRACE] 19:46:07:626 MAPA/(8306:8307): quantum del entrenador: 1
[TRACE] 19:46:08:126 MAPA/(8306:8307): atendiendo solicitud
[TRACE] 19:46:08:133 MAPA/(8306:8307): quantum del entrenador: 2
[TRACE] 19:46:08:638 MAPA/(8306:8307): atendiendo solicitud
[TRACE] 19:46:08:638 MAPA/(8306:8307): atendiendo cola Listos
[TRACE] 19:46:08:638 MAPA/(8306:8307): quantum del entrenador: 0
[TRACE] 19:46:09:140 MAPA/(8306:8307): atendiendo solicitud
[TRACE] 19:46:09:145 MAPA/(8306:8307): quantum del entrenador: 1
[TRACE] 19:46:09:648 MAPA/(8306:8307): atendiendo solicitud
[TRACE] 19:46:09:648 MAPA/(8306:8307): quantum del entrenador: 2
[TRACE] 19:46:10:150 MAPA/(8306:8307): atendiendo solicitud
[TRACE] 19:46:10:150 MAPA/(8306:8307): atendiendo cola Listos
[TRACE] 19:46:10:150 MAPA/(8306:8307): quantum del entrenador: 0
[TRACE] 19:46:10:653 MAPA/(8306:8307): atendiendo solicitud
[TRACE] 19:46:10:653 MAPA/(8306:8307): quantum del entrenador: 1
[TRACE] 19:46:11:156 MAPA/(8306:8307): atendiendo solicitud
[TRACE] 19:46:11:156 MAPA/(8306:8307): quantum del entrenador: 2
[TRACE] 19:46:11:656 MAPA/(8306:8307): atendiendo solicitud
[TRACE] 19:46:11:657 MAPA/(8306:8307): atendiendo cola Listos
[TRACE] 19:46:11:657 MAPA/(8306:8307): quantum del entrenador: 0
[TRACE] 19:46:12:157 MAPA/(8306:8307): atendiendo solicitud
[TRACE] 19:46:12:157 MAPA/(8306:8307): quantum del entrenador: 1
[TRACE] 19:46:12:660 MAPA/(8306:8307): atendiendo solicitud
[TRACE] 19:46:12:660 MAPA/(8306:8307): quantum del entrenador: 2
[TRACE] 19:46:13:165 MAPA/(8306:8307): atendiendo solicitud
[TRACE] 19:46:13:165 MAPA/(8306:8307): atendiendo cola Listos
[TRACE] 19:46:13:165 MAPA/(8306:8307): quantum del entrenador: 0
[TRACE] 19:46:13:669 MAPA/(8306:8307): atendiendo solicitud
[TRACE] 19:46:13:669 MAPA/(8306:8307): quantum del entrenador: 1
[TRACE] 19:46:14:170 MAPA/(8306:8307): atendiendo solicitud
[TRACE] 19:46:14:171 MAPA/(8306:8307): quantum del entrenador: 2
[TRACE] 19:46:14:671 MAPA/(8306:8307): atendiendo solicitud
[TRACE] 19:46:14:671 MAPA/(8306:8307): atendiendo cola Listos
[TRACE] 19:46:14:671 MAPA/(8306:8307): quantum del entrenador: 0
[TRACE] 19:46:15:177 MAPA/(8306:8307): atendiendo solicitud
[TRACE] 19:46:15:178 MAPA/(8306:8307): quantum del entrenador: 1
[TRACE] 19:46:15:681 MAPA/(8306:8307): atendiendo solicitud
[TRACE] 19:46:15:682 MAPA/(8306:8307): quantum del entrenador: 2
[TRACE] 19:46:16:183 MAPA/(8306:8307): atendiendo solicitud
[TRACE] 19:46:16:187 MAPA/(8306:8307): atendiendo cola Listos
[TRACE] 19:46:16:187 MAPA/(8306:8307): quantum del entrenador: 0
[TRACE] 19:46:16:688 MAPA/(8306:8307): atendiendo solicitud
[TRACE] 19:46:16:688 MAPA/(8306:8307): quantum del entrenador: 1
[TRACE] 19:46:17:193 MAPA/(8306:8307): atendiendo solicitud
[TRACE] 19:46:17:193 MAPA/(8306:8307): quantum del entrenador: 2
[TRACE] 19:46:17:697 MAPA/(8306:8307): atendiendo solicitud
[TRACE] 19:46:17:697 MAPA/(8306:8307): atendiendo cola Listos
[TRACE] 19:46:17:697 MAPA/(8306:8307): quantum del entrenador: 0
[TRACE] 19:46:18:201 MAPA/(8306:8307): atendiendo solicitud
[TRACE] 19:46:18:201 MAPA/(8306:8307): quantum del entrenador: 1
[TRACE] 19:46:18:702 MAPA/(8306:8307): atendiendo solicitud
[TRACE] 19:46:18:702 MAPA/(8306:8307): quantum del entrenador: 2
[TRACE] 19:46:19:202 MAPA/(8306:8307): atendiendo solicitud
[TRACE] 19:46:19:202 MAPA/(8306:8307): atendiendo cola Listos
[TRACE] 19:46:19:202 MAPA/(8306:8307): quantum del entrenador: 0
[TRACE] 19:46:19:705 MAPA/(8306:8307): atendiendo solicitud
[TRACE] 19:46:19:705 MAPA/(8306:8307): quantum del entrenador: 1
[TRACE] 19:46:20:210 MAPA/(8306:8307): atendiendo solicitud
[TRACE] 19:46:20:210 MAPA/(8306:8307): quantum del entrenador: 2
[TRACE] 19:46:20:711 MAPA/(8306:8307): atendiendo solicitud
[TRACE] 19:46:20:711 MAPA/(8306:8307): atendiendo cola Listos
[TRACE] 19:46:20:711 MAPA/(8306:8307): quantum del entrenador: 0
[TRACE] 19:46:21:213 MAPA/(8306:8307): atendiendo solicitud
[TRACE] 19:46:21:214 MAPA/(8306:8307): quantum del entrenador: 1
[TRACE] 19:46:21:714 MAPA/(8306:8307): atendiendo solicitud
[TRACE] 19:46:21:715 MAPA/(8306:8307): quantum del entrenador: 2
[TRACE] 19:46:22:215 MAPA/(8306:8307): atendiendo solicitud
[TRACE] 19:46:22:215 MAPA/(8306:8307): atendiendo cola Listos
[TRACE] 19:46:22:215 MAPA/(8306:8307): quantum del entrenador: 0
[TRACE] 19:46:22:716 MAPA/(8306:8307): atendiendo solicitud
[TRACE] 19:46:22:716 MAPA/(8306:8307): quantum del entrenador: 1
[TRACE] 19:46:23:216 MAPA/(8306:8307): atendiendo solicitud
[TRACE] 19:46:23:216 MAPA/(8306:8307): quantum del entrenador: 2
[TRACE] 19:46:23:717 MAPA/(8306:8307): atendiendo solicitud
[TRACE] 19:46:23:718 MAPA/(8306:8307): atendiendo cola Listos
[TRACE] 19:46:23:718 MAPA/(8306:8307): quantum del entrenador: 0
[TRACE] 19:46:24:219 MAPA/(8306:8307): atendiendo solicitud
[TRACE] 19:46:24:219 MAPA/(8306:8307): quantum del entrenador: 1
[TRACE] 19:46:24:721 MAPA/(8306:8307): atendiendo solicitud
[TRACE] 19:46:24:721 MAPA/(8306:8307): quantum del entrenador: 2
[TRACE] 19:46:25:225 MAPA/(8306:8307): atendiendo solicitud
[TRACE] 19:46:25:226 MAPA/(8306:8307): atendiendo cola Listos
[TRACE] 19:46:25:226 MAPA/(8306:8307): quantum del entrenador: 0
[TRACE] 19:46:25:733 MAPA/(8306:8307): atendiendo solicitud
[TRACE] 19:46:25:733 MAPA/(8306:8307): atendiendo cola Listos
[TRACE] 19:46:25:733 MAPA/(8306:8307): quantum del entrenador: 0
[TRACE] 19:46:26:234 MAPA/(8306:8307): atendiendo solicitud
[TRACE] 19:48:18:430 MAPA/(8419:8419): Se obtuvo la ruta a metadata /home/utnso/so-charmander-pruebas/01-base/Mapas/Home/metadata
[TRACE] 19:48:18:430 MAPA/(8419:8419): se cargo la metadata
[TRACE] 19:48:18:430 MAPA/(8419:8419): Se iniciaron las colas y listas
[TRACE] 19:48:18:430 MAPA/(8419:8419): se creo hilo deadlock
[TRACE] 19:48:18:430 MAPA/(8419:8419): se creo hilo de dibujo
[TRACE] 19:48:18:431 MAPA/(8419:8419): Se creo servidor, escuchando en : 4
[TRACE] 19:49:17:646 MAPA/(8419:8419): Se conecto alguien. Socket asignado: 5
[TRACE] 19:49:17:649 MAPA/(8419:8420): atendiendo cola Listos
[TRACE] 19:49:17:649 MAPA/(8419:8420): quantum del entrenador: 0
[TRACE] 19:49:18:150 MAPA/(8419:8420): atendiendo solicitud
[TRACE] 19:49:18:150 MAPA/(8419:8420): quantum del entrenador: 1
[TRACE] 19:49:18:650 MAPA/(8419:8420): atendiendo solicitud
[TRACE] 19:49:18:650 MAPA/(8419:8420): quantum del entrenador: 2
[TRACE] 19:49:19:151 MAPA/(8419:8420): atendiendo solicitud
[TRACE] 19:49:19:151 MAPA/(8419:8420): atendiendo cola Listos
[TRACE] 19:49:19:151 MAPA/(8419:8420): quantum del entrenador: 0
[TRACE] 19:49:19:651 MAPA/(8419:8420): atendiendo solicitud
[TRACE] 19:49:19:651 MAPA/(8419:8420): quantum del entrenador: 1
[TRACE] 19:49:20:152 MAPA/(8419:8420): atendiendo solicitud
[TRACE] 19:49:20:152 MAPA/(8419:8420): quantum del entrenador: 2
[TRACE] 19:49:20:652 MAPA/(8419:8420): atendiendo solicitud
[TRACE] 19:49:20:652 MAPA/(8419:8420): atendiendo cola Listos
[TRACE] 19:49:20:652 MAPA/(8419:8420): quantum del entrenador: 0
[TRACE] 19:49:21:153 MAPA/(8419:8420): atendiendo solicitud
[TRACE] 19:49:21:153 MAPA/(8419:8420): quantum del entrenador: 1
[TRACE] 19:49:21:653 MAPA/(8419:8420): atendiendo solicitud
[TRACE] 19:49:21:653 MAPA/(8419:8420): quantum del entrenador: 2
[TRACE] 19:49:22:154 MAPA/(8419:8420): atendiendo solicitud
[TRACE] 19:49:22:154 MAPA/(8419:8420): atendiendo cola Listos
[TRACE] 19:49:22:154 MAPA/(8419:8420): quantum del entrenador: 0
[TRACE] 19:49:22:654 MAPA/(8419:8420): atendiendo solicitud
[TRACE] 19:49:22:655 MAPA/(8419:8420): quantum del entrenador: 1
[TRACE] 19:49:23:156 MAPA/(8419:8420): atendiendo solicitud
[TRACE] 19:49:23:156 MAPA/(8419:8420): quantum del entrenador: 2
[TRACE] 19:49:23:656 MAPA/(8419:8420): atendiendo solicitud
[TRACE] 19:49:23:656 MAPA/(8419:8420): atendiendo cola Listos
[TRACE] 19:49:23:656 MAPA/(8419:8420): quantum del entrenador: 0
[TRACE] 19:49:24:157 MAPA/(8419:8420): atendiendo solicitud
[TRACE] 19:49:24:157 MAPA/(8419:8420): quantum del entrenador: 1
[TRACE] 19:49:24:657 MAPA/(8419:8420): atendiendo solicitud
[TRACE] 19:49:24:657 MAPA/(8419:8420): atendiendo cola Listos
[TRACE] 19:49:24:657 MAPA/(8419:8420): quantum del entrenador: 0
[TRACE] 19:49:25:158 MAPA/(8419:8420): atendiendo solicitud
[TRACE] 19:49:25:158 MAPA/(8419:8420): quantum del entrenador: 1
[TRACE] 19:49:25:658 MAPA/(8419:8420): atendiendo solicitud
[TRACE] 19:49:25:658 MAPA/(8419:8420): quantum del entrenador: 2
[TRACE] 19:49:26:159 MAPA/(8419:8420): atendiendo solicitud
[TRACE] 19:49:26:159 MAPA/(8419:8420): atendiendo cola Listos
[TRACE] 19:49:26:159 MAPA/(8419:8420): quantum del entrenador: 0
[TRACE] 19:49:26:659 MAPA/(8419:8420): atendiendo solicitud
[TRACE] 19:49:26:659 MAPA/(8419:8420): quantum del entrenador: 1
[TRACE] 19:49:27:160 MAPA/(8419:8420): atendiendo solicitud
[TRACE] 19:49:27:160 MAPA/(8419:8420): quantum del entrenador: 2
[TRACE] 19:49:27:660 MAPA/(8419:8420): atendiendo solicitud
[TRACE] 19:49:27:661 MAPA/(8419:8420): atendiendo cola Listos
[TRACE] 19:49:27:661 MAPA/(8419:8420): quantum del entrenador: 0
[TRACE] 19:49:28:161 MAPA/(8419:8420): atendiendo solicitud
[TRACE] 19:49:28:161 MAPA/(8419:8420): quantum del entrenador: 1
[TRACE] 19:49:28:661 MAPA/(8419:8420): atendiendo solicitud
[TRACE] 19:49:28:661 MAPA/(8419:8420): quantum del entrenador: 2
[TRACE] 19:49:29:162 MAPA/(8419:8420): atendiendo solicitud
[TRACE] 19:49:29:162 MAPA/(8419:8420): atendiendo cola Listos
[TRACE] 19:49:29:162 MAPA/(8419:8420): quantum del entrenador: 0
[TRACE] 19:49:29:662 MAPA/(8419:8420): atendiendo solicitud
[TRACE] 19:49:29:662 MAPA/(8419:8420): quantum del entrenador: 1
[TRACE] 19:49:30:163 MAPA/(8419:8420): atendiendo solicitud
[TRACE] 19:49:30:163 MAPA/(8419:8420): quantum del entrenador: 2
[TRACE] 19:49:30:663 MAPA/(8419:8420): atendiendo solicitud
[TRACE] 19:49:30:664 MAPA/(8419:8420): atendiendo cola Listos
[TRACE] 19:49:30:664 MAPA/(8419:8420): quantum del entrenador: 0
[TRACE] 19:49:31:164 MAPA/(8419:8420): atendiendo solicitud
[TRACE] 19:49:31:164 MAPA/(8419:8420): quantum del entrenador: 1
[TRACE] 19:49:31:665 MAPA/(8419:8420): atendiendo solicitud
[TRACE] 19:49:31:665 MAPA/(8419:8420): quantum del entrenador: 2
[TRACE] 19:49:32:165 MAPA/(8419:8420): atendiendo solicitud
[TRACE] 19:49:32:165 MAPA/(8419:8420): atendiendo cola Listos
[TRACE] 19:49:32:165 MAPA/(8419:8420): quantum del entrenador: 0
[TRACE] 19:49:32:666 MAPA/(8419:8420): atendiendo solicitud
[TRACE] 19:49:32:667 MAPA/(8419:8420): quantum del entrenador: 1
[TRACE] 19:49:33:167 MAPA/(8419:8420): atendiendo solicitud
[TRACE] 19:49:33:167 MAPA/(8419:8420): quantum del entrenador: 2
[TRACE] 19:49:33:668 MAPA/(8419:8420): atendiendo solicitud
[TRACE] 19:49:33:668 MAPA/(8419:8420): atendiendo cola Listos
[TRACE] 19:49:33:668 MAPA/(8419:8420): quantum del entrenador: 0
[TRACE] 19:49:34:168 MAPA/(8419:8420): atendiendo solicitud
[TRACE] 19:49:34:168 MAPA/(8419:8420): quantum del entrenador: 1
[TRACE] 19:49:34:669 MAPA/(8419:8420): atendiendo solicitud
[TRACE] 19:49:34:669 MAPA/(8419:8420): quantum del entrenador: 2
[TRACE] 19:49:35:169 MAPA/(8419:8420): atendiendo solicitud
[TRACE] 19:49:35:169 MAPA/(8419:8420): atendiendo cola Listos
[TRACE] 19:49:35:169 MAPA/(8419:8420): quantum del entrenador: 0
[TRACE] 19:49:35:670 MAPA/(8419:8420): atendiendo solicitud
[TRACE] 19:49:35:670 MAPA/(8419:8420): quantum del entrenador: 1
[TRACE] 19:49:36:170 MAPA/(8419:8420): atendiendo solicitud
[TRACE] 19:49:36:170 MAPA/(8419:8420): quantum del entrenador: 2
[TRACE] 19:49:36:670 MAPA/(8419:8420): atendiendo solicitud
[TRACE] 19:49:36:670 MAPA/(8419:8420): atendiendo cola Listos
[TRACE] 19:49:36:670 MAPA/(8419:8420): quantum del entrenador: 0
[TRACE] 19:49:37:171 MAPA/(8419:8420): atendiendo solicitud
[TRACE] 19:49:37:171 MAPA/(8419:8420): quantum del entrenador: 1
[TRACE] 19:49:37:678 MAPA/(8419:8420): atendiendo solicitud
[TRACE] 19:49:37:679 MAPA/(8419:8420): quantum del entrenador: 2
[TRACE] 19:49:38:179 MAPA/(8419:8420): atendiendo solicitud
[TRACE] 19:49:38:179 MAPA/(8419:8420): atendiendo cola Listos
[TRACE] 19:49:38:179 MAPA/(8419:8420): quantum del entrenador: 0
[TRACE] 19:49:38:680 MAPA/(8419:8420): atendiendo solicitud
[TRACE] 19:49:38:680 MAPA/(8419:8420): quantum del entrenador: 1
[TRACE] 19:49:39:180 MAPA/(8419:8420): atendiendo solicitud
[TRACE] 19:49:39:180 MAPA/(8419:8420): quantum del entrenador: 2
[TRACE] 19:49:39:681 MAPA/(8419:8420): atendiendo solicitud
[TRACE] 19:49:39:681 MAPA/(8419:8420): atendiendo cola Listos
[TRACE] 19:49:39:681 MAPA/(8419:8420): quantum del entrenador: 0
[TRACE] 19:49:40:185 MAPA/(8419:8420): atendiendo solicitud
[TRACE] 19:49:40:185 MAPA/(8419:8420): quantum del entrenador: 1
[TRACE] 19:49:40:686 MAPA/(8419:8420): atendiendo solicitud
[TRACE] 19:49:40:686 MAPA/(8419:8420): quantum del entrenador: 2
[TRACE] 19:49:41:186 MAPA/(8419:8420): atendiendo solicitud
[TRACE] 19:49:41:186 MAPA/(8419:8420): atendiendo cola Listos
[TRACE] 19:49:41:186 MAPA/(8419:8420): quantum del entrenador: 0
[TRACE] 19:49:41:687 MAPA/(8419:8420): atendiendo solicitud
[TRACE] 19:49:41:687 MAPA/(8419:8420): quantum del entrenador: 1
[TRACE] 19:49:42:187 MAPA/(8419:8420): atendiendo solicitud
[TRACE] 19:49:42:187 MAPA/(8419:8420): quantum del entrenador: 2
[TRACE] 19:49:42:687 MAPA/(8419:8420): atendiendo solicitud
[TRACE] 19:49:42:688 MAPA/(8419:8420): atendiendo cola Listos
[TRACE] 19:49:42:688 MAPA/(8419:8420): quantum del entrenador: 0
[TRACE] 19:49:43:188 MAPA/(8419:8420): atendiendo solicitud
[TRACE] 19:49:43:188 MAPA/(8419:8420): quantum del entrenador: 1
[TRACE] 19:49:43:689 MAPA/(8419:8420): atendiendo solicitud
[TRACE] 19:49:43:689 MAPA/(8419:8420): quantum del entrenador: 2
[TRACE] 19:49:44:189 MAPA/(8419:8420): atendiendo solicitud
[TRACE] 19:49:44:189 MAPA/(8419:8420): atendiendo cola Listos
[TRACE] 19:49:44:189 MAPA/(8419:8420): quantum del entrenador: 0
[TRACE] 19:49:44:689 MAPA/(8419:8420): atendiendo solicitud
[TRACE] 19:49:44:689 MAPA/(8419:8420): quantum del entrenador: 1
[TRACE] 19:49:45:190 MAPA/(8419:8420): atendiendo solicitud
[TRACE] 19:49:45:190 MAPA/(8419:8420): quantum del entrenador: 2
[TRACE] 19:49:45:691 MAPA/(8419:8420): atendiendo solicitud
[TRACE] 19:49:45:691 MAPA/(8419:8420): atendiendo cola Listos
[TRACE] 19:49:45:691 MAPA/(8419:8420): quantum del entrenador: 0
[TRACE] 19:49:46:191 MAPA/(8419:8420): atendiendo solicitud
[TRACE] 19:49:46:191 MAPA/(8419:8420): atendiendo cola Listos
[TRACE] 19:49:46:191 MAPA/(8419:8420): quantum del entrenador: 0
[TRACE] 19:49:46:692 MAPA/(8419:8420): atendiendo solicitud
